The system is: Linux - 5.1.7-surface-linux-surface - x86_64
Compiling the C compiler identification source file "CMakeCCompilerId.c" succeeded.
Compiler: /usr/bin/cc 
Build flags: 
Id flags:  

The output was:
0


Compilation of the C compiler identification source "CMakeCCompilerId.c" produced "a.out"

The C compiler identification is GNU, found in "/home/a/Documents/ffmpeg-4.2.1/aom/CMakeFiles/3.13.4/CompilerIdC/a.out"

Compiling the CXX compiler identification source file "CMakeCXXCompilerId.cpp" succeeded.
Compiler: /usr/bin/c++ 
Build flags: 
Id flags:  

The output was:
0


Compilation of the CXX compiler identification source "CMakeCXXCompilerId.cpp" produced "a.out"

The CXX compiler identification is GNU, found in "/home/a/Documents/ffmpeg-4.2.1/aom/CMakeFiles/3.13.4/CompilerIdCXX/a.out"

Determining if the C compiler works passed with the following output:
Change Dir: /home/a/Documents/ffmpeg-4.2.1/aom/CMakeFiles/CMakeTmp

Run Build Command:"/usr/bin/make" "cmTC_b8196/fast"
/usr/bin/make -f CMakeFiles/cmTC_b8196.dir/build.make CMakeFiles/cmTC_b8196.dir/build
make[1]: Entering directory '/home/a/Documents/ffmpeg-4.2.1/aom/CMakeFiles/CMakeTmp'
Building C object CMakeFiles/cmTC_b8196.dir/testCCompiler.c.o
/usr/bin/cc    -o CMakeFiles/cmTC_b8196.dir/testCCompiler.c.o   -c /home/a/Documents/ffmpeg-4.2.1/aom/CMakeFiles/CMakeTmp/testCCompiler.c
Linking C executable cmTC_b8196
/usr/bin/cmake -E cmake_link_script CMakeFiles/cmTC_b8196.dir/link.txt --verbose=1
/usr/bin/cc      CMakeFiles/cmTC_b8196.dir/testCCompiler.c.o  -o cmTC_b8196 
make[1]: Leaving directory '/home/a/Documents/ffmpeg-4.2.1/aom/CMakeFiles/CMakeTmp'


Detecting C compiler ABI info compiled with the following output:
Change Dir: /home/a/Documents/ffmpeg-4.2.1/aom/CMakeFiles/CMakeTmp

Run Build Command:"/usr/bin/make" "cmTC_00682/fast"
/usr/bin/make -f CMakeFiles/cmTC_00682.dir/build.make CMakeFiles/cmTC_00682.dir/build
make[1]: Entering directory '/home/a/Documents/ffmpeg-4.2.1/aom/CMakeFiles/CMakeTmp'
Building C object CMakeFiles/cmTC_00682.dir/CMakeCCompilerABI.c.o
/usr/bin/cc    -o CMakeFiles/cmTC_00682.dir/CMakeCCompilerABI.c.o   -c /usr/share/cmake-3.13/Modules/CMakeCCompilerABI.c
Linking C executable cmTC_00682
/usr/bin/cmake -E cmake_link_script CMakeFiles/cmTC_00682.dir/link.txt --verbose=1
/usr/bin/cc     -v CMakeFiles/cmTC_00682.dir/CMakeCCompilerABI.c.o  -o cmTC_00682 
Using built-in specs.
COLLECT_GCC=/usr/bin/cc
COLLECT_LTO_WRAPPER=/usr/lib/gcc/x86_64-linux-gnu/8/lto-wrapper
OFFLOAD_TARGET_NAMES=nvptx-none
OFFLOAD_TARGET_DEFAULT=1
Target: x86_64-linux-gnu
Configured with: ../src/configure -v --with-pkgversion='Debian 8.3.0-6' --with-bugurl=file:///usr/share/doc/gcc-8/README.Bugs --enable-languages=c,ada,c++,go,brig,d,fortran,objc,obj-c++ --prefix=/usr --with-gcc-major-version-only --program-suffix=-8 --program-prefix=x86_64-linux-gnu- --enable-shared --enable-linker-build-id --libexecdir=/usr/lib --without-included-gettext --enable-threads=posix --libdir=/usr/lib --enable-nls --enable-bootstrap --enable-clocale=gnu --enable-libstdcxx-debug --enable-libstdcxx-time=yes --with-default-libstdcxx-abi=new --enable-gnu-unique-object --disable-vtable-verify --enable-libmpx --enable-plugin --enable-default-pie --with-system-zlib --with-target-system-zlib --enable-objc-gc=auto --enable-multiarch --disable-werror --with-arch-32=i686 --with-abi=m64 --with-multilib-list=m32,m64,mx32 --enable-multilib --with-tune=generic --enable-offload-targets=nvptx-none --without-cuda-driver --enable-checking=release --build=x86_64-linux-gnu --host=x86_64-linux-gnu --target=x86_64-linux-gnu
Thread model: posix
gcc version 8.3.0 (Debian 8.3.0-6) 
COMPILER_PATH=/usr/lib/gcc/x86_64-linux-gnu/8/:/usr/lib/gcc/x86_64-linux-gnu/8/:/usr/lib/gcc/x86_64-linux-gnu/:/usr/lib/gcc/x86_64-linux-gnu/8/:/usr/lib/gcc/x86_64-linux-gnu/
LIBRARY_PATH=/usr/lib/gcc/x86_64-linux-gnu/8/:/usr/lib/gcc/x86_64-linux-gnu/8/../../../x86_64-linux-gnu/:/usr/lib/gcc/x86_64-linux-gnu/8/../../../../lib/:/lib/x86_64-linux-gnu/:/lib/../lib/:/usr/lib/x86_64-linux-gnu/:/usr/lib/../lib/:/usr/lib/gcc/x86_64-linux-gnu/8/../../../:/lib/:/usr/lib/
COLLECT_GCC_OPTIONS='-v' '-o' 'cmTC_00682' '-mtune=generic' '-march=x86-64'
 /usr/lib/gcc/x86_64-linux-gnu/8/collect2 -plugin /usr/lib/gcc/x86_64-linux-gnu/8/liblto_plugin.so -plugin-opt=/usr/lib/gcc/x86_64-linux-gnu/8/lto-wrapper -plugin-opt=-fresolution=/tmp/cc6jaUJ0.res -plugin-opt=-pass-through=-lgcc -plugin-opt=-pass-through=-lgcc_s -plugin-opt=-pass-through=-lc -plugin-opt=-pass-through=-lgcc -plugin-opt=-pass-through=-lgcc_s --build-id --eh-frame-hdr -m elf_x86_64 --hash-style=gnu -dynamic-linker /lib64/ld-linux-x86-64.so.2 -pie -o cmTC_00682 /usr/lib/gcc/x86_64-linux-gnu/8/../../../x86_64-linux-gnu/Scrt1.o /usr/lib/gcc/x86_64-linux-gnu/8/../../../x86_64-linux-gnu/crti.o /usr/lib/gcc/x86_64-linux-gnu/8/crtbeginS.o -L/usr/lib/gcc/x86_64-linux-gnu/8 -L/usr/lib/gcc/x86_64-linux-gnu/8/../../../x86_64-linux-gnu -L/usr/lib/gcc/x86_64-linux-gnu/8/../../../../lib -L/lib/x86_64-linux-gnu -L/lib/../lib -L/usr/lib/x86_64-linux-gnu -L/usr/lib/../lib -L/usr/lib/gcc/x86_64-linux-gnu/8/../../.. CMakeFiles/cmTC_00682.dir/CMakeCCompilerABI.c.o -lgcc --push-state --as-needed -lgcc_s --pop-state -lc -lgcc --push-state --as-needed -lgcc_s --pop-state /usr/lib/gcc/x86_64-linux-gnu/8/crtendS.o /usr/lib/gcc/x86_64-linux-gnu/8/../../../x86_64-linux-gnu/crtn.o
COLLECT_GCC_OPTIONS='-v' '-o' 'cmTC_00682' '-mtune=generic' '-march=x86-64'
make[1]: Leaving directory '/home/a/Documents/ffmpeg-4.2.1/aom/CMakeFiles/CMakeTmp'


Parsed C implicit link information from above output:
  link line regex: [^( *|.*[/\])(ld|CMAKE_LINK_STARTFILE-NOTFOUND|([^/\]+-)?ld|collect2)[^/\]*( |$)]
  ignore line: [Change Dir: /home/a/Documents/ffmpeg-4.2.1/aom/CMakeFiles/CMakeTmp]
  ignore line: []
  ignore line: [Run Build Command:"/usr/bin/make" "cmTC_00682/fast"]
  ignore line: [/usr/bin/make -f CMakeFiles/cmTC_00682.dir/build.make CMakeFiles/cmTC_00682.dir/build]
  ignore line: [make[1]: Entering directory '/home/a/Documents/ffmpeg-4.2.1/aom/CMakeFiles/CMakeTmp']
  ignore line: [Building C object CMakeFiles/cmTC_00682.dir/CMakeCCompilerABI.c.o]
  ignore line: [/usr/bin/cc    -o CMakeFiles/cmTC_00682.dir/CMakeCCompilerABI.c.o   -c /usr/share/cmake-3.13/Modules/CMakeCCompilerABI.c]
  ignore line: [Linking C executable cmTC_00682]
  ignore line: [/usr/bin/cmake -E cmake_link_script CMakeFiles/cmTC_00682.dir/link.txt --verbose=1]
  ignore line: [/usr/bin/cc     -v CMakeFiles/cmTC_00682.dir/CMakeCCompilerABI.c.o  -o cmTC_00682 ]
  ignore line: [Using built-in specs.]
  ignore line: [COLLECT_GCC=/usr/bin/cc]
  ignore line: [COLLECT_LTO_WRAPPER=/usr/lib/gcc/x86_64-linux-gnu/8/lto-wrapper]
  ignore line: [OFFLOAD_TARGET_NAMES=nvptx-none]
  ignore line: [OFFLOAD_TARGET_DEFAULT=1]
  ignore line: [Target: x86_64-linux-gnu]
  ignore line: [Configured with: ../src/configure -v --with-pkgversion='Debian 8.3.0-6' --with-bugurl=file:///usr/share/doc/gcc-8/README.Bugs --enable-languages=c,ada,c++,go,brig,d,fortran,objc,obj-c++ --prefix=/usr --with-gcc-major-version-only --program-suffix=-8 --program-prefix=x86_64-linux-gnu- --enable-shared --enable-linker-build-id --libexecdir=/usr/lib --without-included-gettext --enable-threads=posix --libdir=/usr/lib --enable-nls --enable-bootstrap --enable-clocale=gnu --enable-libstdcxx-debug --enable-libstdcxx-time=yes --with-default-libstdcxx-abi=new --enable-gnu-unique-object --disable-vtable-verify --enable-libmpx --enable-plugin --enable-default-pie --with-system-zlib --with-target-system-zlib --enable-objc-gc=auto --enable-multiarch --disable-werror --with-arch-32=i686 --with-abi=m64 --with-multilib-list=m32,m64,mx32 --enable-multilib --with-tune=generic --enable-offload-targets=nvptx-none --without-cuda-driver --enable-checking=release --build=x86_64-linux-gnu --host=x86_64-linux-gnu --target=x86_64-linux-gnu]
  ignore line: [Thread model: posix]
  ignore line: [gcc version 8.3.0 (Debian 8.3.0-6) ]
  ignore line: [COMPILER_PATH=/usr/lib/gcc/x86_64-linux-gnu/8/:/usr/lib/gcc/x86_64-linux-gnu/8/:/usr/lib/gcc/x86_64-linux-gnu/:/usr/lib/gcc/x86_64-linux-gnu/8/:/usr/lib/gcc/x86_64-linux-gnu/]
  ignore line: [LIBRARY_PATH=/usr/lib/gcc/x86_64-linux-gnu/8/:/usr/lib/gcc/x86_64-linux-gnu/8/../../../x86_64-linux-gnu/:/usr/lib/gcc/x86_64-linux-gnu/8/../../../../lib/:/lib/x86_64-linux-gnu/:/lib/../lib/:/usr/lib/x86_64-linux-gnu/:/usr/lib/../lib/:/usr/lib/gcc/x86_64-linux-gnu/8/../../../:/lib/:/usr/lib/]
  ignore line: [COLLECT_GCC_OPTIONS='-v' '-o' 'cmTC_00682' '-mtune=generic' '-march=x86-64']
  link line: [ /usr/lib/gcc/x86_64-linux-gnu/8/collect2 -plugin /usr/lib/gcc/x86_64-linux-gnu/8/liblto_plugin.so -plugin-opt=/usr/lib/gcc/x86_64-linux-gnu/8/lto-wrapper -plugin-opt=-fresolution=/tmp/cc6jaUJ0.res -plugin-opt=-pass-through=-lgcc -plugin-opt=-pass-through=-lgcc_s -plugin-opt=-pass-through=-lc -plugin-opt=-pass-through=-lgcc -plugin-opt=-pass-through=-lgcc_s --build-id --eh-frame-hdr -m elf_x86_64 --hash-style=gnu -dynamic-linker /lib64/ld-linux-x86-64.so.2 -pie -o cmTC_00682 /usr/lib/gcc/x86_64-linux-gnu/8/../../../x86_64-linux-gnu/Scrt1.o /usr/lib/gcc/x86_64-linux-gnu/8/../../../x86_64-linux-gnu/crti.o /usr/lib/gcc/x86_64-linux-gnu/8/crtbeginS.o -L/usr/lib/gcc/x86_64-linux-gnu/8 -L/usr/lib/gcc/x86_64-linux-gnu/8/../../../x86_64-linux-gnu -L/usr/lib/gcc/x86_64-linux-gnu/8/../../../../lib -L/lib/x86_64-linux-gnu -L/lib/../lib -L/usr/lib/x86_64-linux-gnu -L/usr/lib/../lib -L/usr/lib/gcc/x86_64-linux-gnu/8/../../.. CMakeFiles/cmTC_00682.dir/CMakeCCompilerABI.c.o -lgcc --push-state --as-needed -lgcc_s --pop-state -lc -lgcc --push-state --as-needed -lgcc_s --pop-state /usr/lib/gcc/x86_64-linux-gnu/8/crtendS.o /usr/lib/gcc/x86_64-linux-gnu/8/../../../x86_64-linux-gnu/crtn.o]
    arg [/usr/lib/gcc/x86_64-linux-gnu/8/collect2] ==> ignore
    arg [-plugin] ==> ignore
    arg [/usr/lib/gcc/x86_64-linux-gnu/8/liblto_plugin.so] ==> ignore
    arg [-plugin-opt=/usr/lib/gcc/x86_64-linux-gnu/8/lto-wrapper] ==> ignore
    arg [-plugin-opt=-fresolution=/tmp/cc6jaUJ0.res] ==> ignore
    arg [-plugin-opt=-pass-through=-lgcc] ==> ignore
    arg [-plugin-opt=-pass-through=-lgcc_s] ==> ignore
    arg [-plugin-opt=-pass-through=-lc] ==> ignore
    arg [-plugin-opt=-pass-through=-lgcc] ==> ignore
    arg [-plugin-opt=-pass-through=-lgcc_s] ==> ignore
    arg [--build-id] ==> ignore
    arg [--eh-frame-hdr] ==> ignore
    arg [-m] ==> ignore
    arg [elf_x86_64] ==> ignore
    arg [--hash-style=gnu] ==> ignore
    arg [-dynamic-linker] ==> ignore
    arg [/lib64/ld-linux-x86-64.so.2] ==> ignore
    arg [-pie] ==> ignore
    arg [-o] ==> ignore
    arg [cmTC_00682] ==> ignore
    arg [/usr/lib/gcc/x86_64-linux-gnu/8/../../../x86_64-linux-gnu/Scrt1.o] ==> ignore
    arg [/usr/lib/gcc/x86_64-linux-gnu/8/../../../x86_64-linux-gnu/crti.o] ==> ignore
    arg [/usr/lib/gcc/x86_64-linux-gnu/8/crtbeginS.o] ==> ignore
    arg [-L/usr/lib/gcc/x86_64-linux-gnu/8] ==> dir [/usr/lib/gcc/x86_64-linux-gnu/8]
    arg [-L/usr/lib/gcc/x86_64-linux-gnu/8/../../../x86_64-linux-gnu] ==> dir [/usr/lib/gcc/x86_64-linux-gnu/8/../../../x86_64-linux-gnu]
    arg [-L/usr/lib/gcc/x86_64-linux-gnu/8/../../../../lib] ==> dir [/usr/lib/gcc/x86_64-linux-gnu/8/../../../../lib]
    arg [-L/lib/x86_64-linux-gnu] ==> dir [/lib/x86_64-linux-gnu]
    arg [-L/lib/../lib] ==> dir [/lib/../lib]
    arg [-L/usr/lib/x86_64-linux-gnu] ==> dir [/usr/lib/x86_64-linux-gnu]
    arg [-L/usr/lib/../lib] ==> dir [/usr/lib/../lib]
    arg [-L/usr/lib/gcc/x86_64-linux-gnu/8/../../..] ==> dir [/usr/lib/gcc/x86_64-linux-gnu/8/../../..]
    arg [CMakeFiles/cmTC_00682.dir/CMakeCCompilerABI.c.o] ==> ignore
    arg [-lgcc] ==> lib [gcc]
    arg [--push-state] ==> ignore
    arg [--as-needed] ==> ignore
    arg [-lgcc_s] ==> lib [gcc_s]
    arg [--pop-state] ==> ignore
    arg [-lc] ==> lib [c]
    arg [-lgcc] ==> lib [gcc]
    arg [--push-state] ==> ignore
    arg [--as-needed] ==> ignore
    arg [-lgcc_s] ==> lib [gcc_s]
    arg [--pop-state] ==> ignore
    arg [/usr/lib/gcc/x86_64-linux-gnu/8/crtendS.o] ==> ignore
    arg [/usr/lib/gcc/x86_64-linux-gnu/8/../../../x86_64-linux-gnu/crtn.o] ==> ignore
  collapse library dir [/usr/lib/gcc/x86_64-linux-gnu/8] ==> [/usr/lib/gcc/x86_64-linux-gnu/8]
  collapse library dir [/usr/lib/gcc/x86_64-linux-gnu/8/../../../x86_64-linux-gnu] ==> [/usr/lib/x86_64-linux-gnu]
  collapse library dir [/usr/lib/gcc/x86_64-linux-gnu/8/../../../../lib] ==> [/usr/lib]
  collapse library dir [/lib/x86_64-linux-gnu] ==> [/lib/x86_64-linux-gnu]
  collapse library dir [/lib/../lib] ==> [/lib]
  collapse library dir [/usr/lib/x86_64-linux-gnu] ==> [/usr/lib/x86_64-linux-gnu]
  collapse library dir [/usr/lib/../lib] ==> [/usr/lib]
  collapse library dir [/usr/lib/gcc/x86_64-linux-gnu/8/../../..] ==> [/usr/lib]
  implicit libs: [gcc;gcc_s;c;gcc;gcc_s]
  implicit dirs: [/usr/lib/gcc/x86_64-linux-gnu/8;/usr/lib/x86_64-linux-gnu;/usr/lib;/lib/x86_64-linux-gnu;/lib]
  implicit fwks: []




Detecting C [-std=c11] compiler features compiled with the following output:
Change Dir: /home/a/Documents/ffmpeg-4.2.1/aom/CMakeFiles/CMakeTmp

Run Build Command:"/usr/bin/make" "cmTC_f4be4/fast"
/usr/bin/make -f CMakeFiles/cmTC_f4be4.dir/build.make CMakeFiles/cmTC_f4be4.dir/build
make[1]: Entering directory '/home/a/Documents/ffmpeg-4.2.1/aom/CMakeFiles/CMakeTmp'
Building C object CMakeFiles/cmTC_f4be4.dir/feature_tests.c.o
/usr/bin/cc   -std=c11 -o CMakeFiles/cmTC_f4be4.dir/feature_tests.c.o   -c /home/a/Documents/ffmpeg-4.2.1/aom/CMakeFiles/feature_tests.c
Linking C executable cmTC_f4be4
/usr/bin/cmake -E cmake_link_script CMakeFiles/cmTC_f4be4.dir/link.txt --verbose=1
/usr/bin/cc      CMakeFiles/cmTC_f4be4.dir/feature_tests.c.o  -o cmTC_f4be4 
make[1]: Leaving directory '/home/a/Documents/ffmpeg-4.2.1/aom/CMakeFiles/CMakeTmp'


    Feature record: C_FEATURE:1c_function_prototypes
    Feature record: C_FEATURE:1c_restrict
    Feature record: C_FEATURE:1c_static_assert
    Feature record: C_FEATURE:1c_variadic_macros


Detecting C [-std=c99] compiler features compiled with the following output:
Change Dir: /home/a/Documents/ffmpeg-4.2.1/aom/CMakeFiles/CMakeTmp

Run Build Command:"/usr/bin/make" "cmTC_8edec/fast"
/usr/bin/make -f CMakeFiles/cmTC_8edec.dir/build.make CMakeFiles/cmTC_8edec.dir/build
make[1]: Entering directory '/home/a/Documents/ffmpeg-4.2.1/aom/CMakeFiles/CMakeTmp'
Building C object CMakeFiles/cmTC_8edec.dir/feature_tests.c.o
/usr/bin/cc   -std=c99 -o CMakeFiles/cmTC_8edec.dir/feature_tests.c.o   -c /home/a/Documents/ffmpeg-4.2.1/aom/CMakeFiles/feature_tests.c
Linking C executable cmTC_8edec
/usr/bin/cmake -E cmake_link_script CMakeFiles/cmTC_8edec.dir/link.txt --verbose=1
/usr/bin/cc      CMakeFiles/cmTC_8edec.dir/feature_tests.c.o  -o cmTC_8edec 
make[1]: Leaving directory '/home/a/Documents/ffmpeg-4.2.1/aom/CMakeFiles/CMakeTmp'


    Feature record: C_FEATURE:1c_function_prototypes
    Feature record: C_FEATURE:1c_restrict
    Feature record: C_FEATURE:0c_static_assert
    Feature record: C_FEATURE:1c_variadic_macros


Detecting C [-std=c90] compiler features compiled with the following output:
Change Dir: /home/a/Documents/ffmpeg-4.2.1/aom/CMakeFiles/CMakeTmp

Run Build Command:"/usr/bin/make" "cmTC_893eb/fast"
/usr/bin/make -f CMakeFiles/cmTC_893eb.dir/build.make CMakeFiles/cmTC_893eb.dir/build
make[1]: Entering directory '/home/a/Documents/ffmpeg-4.2.1/aom/CMakeFiles/CMakeTmp'
Building C object CMakeFiles/cmTC_893eb.dir/feature_tests.c.o
/usr/bin/cc   -std=c90 -o CMakeFiles/cmTC_893eb.dir/feature_tests.c.o   -c /home/a/Documents/ffmpeg-4.2.1/aom/CMakeFiles/feature_tests.c
Linking C executable cmTC_893eb
/usr/bin/cmake -E cmake_link_script CMakeFiles/cmTC_893eb.dir/link.txt --verbose=1
/usr/bin/cc      CMakeFiles/cmTC_893eb.dir/feature_tests.c.o  -o cmTC_893eb 
make[1]: Leaving directory '/home/a/Documents/ffmpeg-4.2.1/aom/CMakeFiles/CMakeTmp'


    Feature record: C_FEATURE:1c_function_prototypes
    Feature record: C_FEATURE:0c_restrict
    Feature record: C_FEATURE:0c_static_assert
    Feature record: C_FEATURE:0c_variadic_macros
Determining if the CXX compiler works passed with the following output:
Change Dir: /home/a/Documents/ffmpeg-4.2.1/aom/CMakeFiles/CMakeTmp

Run Build Command:"/usr/bin/make" "cmTC_c881d/fast"
/usr/bin/make -f CMakeFiles/cmTC_c881d.dir/build.make CMakeFiles/cmTC_c881d.dir/build
make[1]: Entering directory '/home/a/Documents/ffmpeg-4.2.1/aom/CMakeFiles/CMakeTmp'
Building CXX object CMakeFiles/cmTC_c881d.dir/testCXXCompiler.cxx.o
/usr/bin/c++     -o CMakeFiles/cmTC_c881d.dir/testCXXCompiler.cxx.o -c /home/a/Documents/ffmpeg-4.2.1/aom/CMakeFiles/CMakeTmp/testCXXCompiler.cxx
Linking CXX executable cmTC_c881d
/usr/bin/cmake -E cmake_link_script CMakeFiles/cmTC_c881d.dir/link.txt --verbose=1
/usr/bin/c++       CMakeFiles/cmTC_c881d.dir/testCXXCompiler.cxx.o  -o cmTC_c881d 
make[1]: Leaving directory '/home/a/Documents/ffmpeg-4.2.1/aom/CMakeFiles/CMakeTmp'


Detecting CXX compiler ABI info compiled with the following output:
Change Dir: /home/a/Documents/ffmpeg-4.2.1/aom/CMakeFiles/CMakeTmp

Run Build Command:"/usr/bin/make" "cmTC_82ebd/fast"
/usr/bin/make -f CMakeFiles/cmTC_82ebd.dir/build.make CMakeFiles/cmTC_82ebd.dir/build
make[1]: Entering directory '/home/a/Documents/ffmpeg-4.2.1/aom/CMakeFiles/CMakeTmp'
Building CXX object CMakeFiles/cmTC_82ebd.dir/CMakeCXXCompilerABI.cpp.o
/usr/bin/c++     -o CMakeFiles/cmTC_82ebd.dir/CMakeCXXCompilerABI.cpp.o -c /usr/share/cmake-3.13/Modules/CMakeCXXCompilerABI.cpp
Linking CXX executable cmTC_82ebd
/usr/bin/cmake -E cmake_link_script CMakeFiles/cmTC_82ebd.dir/link.txt --verbose=1
/usr/bin/c++      -v CMakeFiles/cmTC_82ebd.dir/CMakeCXXCompilerABI.cpp.o  -o cmTC_82ebd 
Using built-in specs.
COLLECT_GCC=/usr/bin/c++
COLLECT_LTO_WRAPPER=/usr/lib/gcc/x86_64-linux-gnu/8/lto-wrapper
OFFLOAD_TARGET_NAMES=nvptx-none
OFFLOAD_TARGET_DEFAULT=1
Target: x86_64-linux-gnu
Configured with: ../src/configure -v --with-pkgversion='Debian 8.3.0-6' --with-bugurl=file:///usr/share/doc/gcc-8/README.Bugs --enable-languages=c,ada,c++,go,brig,d,fortran,objc,obj-c++ --prefix=/usr --with-gcc-major-version-only --program-suffix=-8 --program-prefix=x86_64-linux-gnu- --enable-shared --enable-linker-build-id --libexecdir=/usr/lib --without-included-gettext --enable-threads=posix --libdir=/usr/lib --enable-nls --enable-bootstrap --enable-clocale=gnu --enable-libstdcxx-debug --enable-libstdcxx-time=yes --with-default-libstdcxx-abi=new --enable-gnu-unique-object --disable-vtable-verify --enable-libmpx --enable-plugin --enable-default-pie --with-system-zlib --with-target-system-zlib --enable-objc-gc=auto --enable-multiarch --disable-werror --with-arch-32=i686 --with-abi=m64 --with-multilib-list=m32,m64,mx32 --enable-multilib --with-tune=generic --enable-offload-targets=nvptx-none --without-cuda-driver --enable-checking=release --build=x86_64-linux-gnu --host=x86_64-linux-gnu --target=x86_64-linux-gnu
Thread model: posix
gcc version 8.3.0 (Debian 8.3.0-6) 
COMPILER_PATH=/usr/lib/gcc/x86_64-linux-gnu/8/:/usr/lib/gcc/x86_64-linux-gnu/8/:/usr/lib/gcc/x86_64-linux-gnu/:/usr/lib/gcc/x86_64-linux-gnu/8/:/usr/lib/gcc/x86_64-linux-gnu/
LIBRARY_PATH=/usr/lib/gcc/x86_64-linux-gnu/8/:/usr/lib/gcc/x86_64-linux-gnu/8/../../../x86_64-linux-gnu/:/usr/lib/gcc/x86_64-linux-gnu/8/../../../../lib/:/lib/x86_64-linux-gnu/:/lib/../lib/:/usr/lib/x86_64-linux-gnu/:/usr/lib/../lib/:/usr/lib/gcc/x86_64-linux-gnu/8/../../../:/lib/:/usr/lib/
COLLECT_GCC_OPTIONS='-v' '-o' 'cmTC_82ebd' '-shared-libgcc' '-mtune=generic' '-march=x86-64'
 /usr/lib/gcc/x86_64-linux-gnu/8/collect2 -plugin /usr/lib/gcc/x86_64-linux-gnu/8/liblto_plugin.so -plugin-opt=/usr/lib/gcc/x86_64-linux-gnu/8/lto-wrapper -plugin-opt=-fresolution=/tmp/ccBSu6mo.res -plugin-opt=-pass-through=-lgcc_s -plugin-opt=-pass-through=-lgcc -plugin-opt=-pass-through=-lc -plugin-opt=-pass-through=-lgcc_s -plugin-opt=-pass-through=-lgcc --build-id --eh-frame-hdr -m elf_x86_64 --hash-style=gnu -dynamic-linker /lib64/ld-linux-x86-64.so.2 -pie -o cmTC_82ebd /usr/lib/gcc/x86_64-linux-gnu/8/../../../x86_64-linux-gnu/Scrt1.o /usr/lib/gcc/x86_64-linux-gnu/8/../../../x86_64-linux-gnu/crti.o /usr/lib/gcc/x86_64-linux-gnu/8/crtbeginS.o -L/usr/lib/gcc/x86_64-linux-gnu/8 -L/usr/lib/gcc/x86_64-linux-gnu/8/../../../x86_64-linux-gnu -L/usr/lib/gcc/x86_64-linux-gnu/8/../../../../lib -L/lib/x86_64-linux-gnu -L/lib/../lib -L/usr/lib/x86_64-linux-gnu -L/usr/lib/../lib -L/usr/lib/gcc/x86_64-linux-gnu/8/../../.. CMakeFiles/cmTC_82ebd.dir/CMakeCXXCompilerABI.cpp.o -lstdc++ -lm -lgcc_s -lgcc -lc -lgcc_s -lgcc /usr/lib/gcc/x86_64-linux-gnu/8/crtendS.o /usr/lib/gcc/x86_64-linux-gnu/8/../../../x86_64-linux-gnu/crtn.o
COLLECT_GCC_OPTIONS='-v' '-o' 'cmTC_82ebd' '-shared-libgcc' '-mtune=generic' '-march=x86-64'
make[1]: Leaving directory '/home/a/Documents/ffmpeg-4.2.1/aom/CMakeFiles/CMakeTmp'


Parsed CXX implicit link information from above output:
  link line regex: [^( *|.*[/\])(ld|CMAKE_LINK_STARTFILE-NOTFOUND|([^/\]+-)?ld|collect2)[^/\]*( |$)]
  ignore line: [Change Dir: /home/a/Documents/ffmpeg-4.2.1/aom/CMakeFiles/CMakeTmp]
  ignore line: []
  ignore line: [Run Build Command:"/usr/bin/make" "cmTC_82ebd/fast"]
  ignore line: [/usr/bin/make -f CMakeFiles/cmTC_82ebd.dir/build.make CMakeFiles/cmTC_82ebd.dir/build]
  ignore line: [make[1]: Entering directory '/home/a/Documents/ffmpeg-4.2.1/aom/CMakeFiles/CMakeTmp']
  ignore line: [Building CXX object CMakeFiles/cmTC_82ebd.dir/CMakeCXXCompilerABI.cpp.o]
  ignore line: [/usr/bin/c++     -o CMakeFiles/cmTC_82ebd.dir/CMakeCXXCompilerABI.cpp.o -c /usr/share/cmake-3.13/Modules/CMakeCXXCompilerABI.cpp]
  ignore line: [Linking CXX executable cmTC_82ebd]
  ignore line: [/usr/bin/cmake -E cmake_link_script CMakeFiles/cmTC_82ebd.dir/link.txt --verbose=1]
  ignore line: [/usr/bin/c++      -v CMakeFiles/cmTC_82ebd.dir/CMakeCXXCompilerABI.cpp.o  -o cmTC_82ebd ]
  ignore line: [Using built-in specs.]
  ignore line: [COLLECT_GCC=/usr/bin/c++]
  ignore line: [COLLECT_LTO_WRAPPER=/usr/lib/gcc/x86_64-linux-gnu/8/lto-wrapper]
  ignore line: [OFFLOAD_TARGET_NAMES=nvptx-none]
  ignore line: [OFFLOAD_TARGET_DEFAULT=1]
  ignore line: [Target: x86_64-linux-gnu]
  ignore line: [Configured with: ../src/configure -v --with-pkgversion='Debian 8.3.0-6' --with-bugurl=file:///usr/share/doc/gcc-8/README.Bugs --enable-languages=c,ada,c++,go,brig,d,fortran,objc,obj-c++ --prefix=/usr --with-gcc-major-version-only --program-suffix=-8 --program-prefix=x86_64-linux-gnu- --enable-shared --enable-linker-build-id --libexecdir=/usr/lib --without-included-gettext --enable-threads=posix --libdir=/usr/lib --enable-nls --enable-bootstrap --enable-clocale=gnu --enable-libstdcxx-debug --enable-libstdcxx-time=yes --with-default-libstdcxx-abi=new --enable-gnu-unique-object --disable-vtable-verify --enable-libmpx --enable-plugin --enable-default-pie --with-system-zlib --with-target-system-zlib --enable-objc-gc=auto --enable-multiarch --disable-werror --with-arch-32=i686 --with-abi=m64 --with-multilib-list=m32,m64,mx32 --enable-multilib --with-tune=generic --enable-offload-targets=nvptx-none --without-cuda-driver --enable-checking=release --build=x86_64-linux-gnu --host=x86_64-linux-gnu --target=x86_64-linux-gnu]
  ignore line: [Thread model: posix]
  ignore line: [gcc version 8.3.0 (Debian 8.3.0-6) ]
  ignore line: [COMPILER_PATH=/usr/lib/gcc/x86_64-linux-gnu/8/:/usr/lib/gcc/x86_64-linux-gnu/8/:/usr/lib/gcc/x86_64-linux-gnu/:/usr/lib/gcc/x86_64-linux-gnu/8/:/usr/lib/gcc/x86_64-linux-gnu/]
  ignore line: [LIBRARY_PATH=/usr/lib/gcc/x86_64-linux-gnu/8/:/usr/lib/gcc/x86_64-linux-gnu/8/../../../x86_64-linux-gnu/:/usr/lib/gcc/x86_64-linux-gnu/8/../../../../lib/:/lib/x86_64-linux-gnu/:/lib/../lib/:/usr/lib/x86_64-linux-gnu/:/usr/lib/../lib/:/usr/lib/gcc/x86_64-linux-gnu/8/../../../:/lib/:/usr/lib/]
  ignore line: [COLLECT_GCC_OPTIONS='-v' '-o' 'cmTC_82ebd' '-shared-libgcc' '-mtune=generic' '-march=x86-64']
  link line: [ /usr/lib/gcc/x86_64-linux-gnu/8/collect2 -plugin /usr/lib/gcc/x86_64-linux-gnu/8/liblto_plugin.so -plugin-opt=/usr/lib/gcc/x86_64-linux-gnu/8/lto-wrapper -plugin-opt=-fresolution=/tmp/ccBSu6mo.res -plugin-opt=-pass-through=-lgcc_s -plugin-opt=-pass-through=-lgcc -plugin-opt=-pass-through=-lc -plugin-opt=-pass-through=-lgcc_s -plugin-opt=-pass-through=-lgcc --build-id --eh-frame-hdr -m elf_x86_64 --hash-style=gnu -dynamic-linker /lib64/ld-linux-x86-64.so.2 -pie -o cmTC_82ebd /usr/lib/gcc/x86_64-linux-gnu/8/../../../x86_64-linux-gnu/Scrt1.o /usr/lib/gcc/x86_64-linux-gnu/8/../../../x86_64-linux-gnu/crti.o /usr/lib/gcc/x86_64-linux-gnu/8/crtbeginS.o -L/usr/lib/gcc/x86_64-linux-gnu/8 -L/usr/lib/gcc/x86_64-linux-gnu/8/../../../x86_64-linux-gnu -L/usr/lib/gcc/x86_64-linux-gnu/8/../../../../lib -L/lib/x86_64-linux-gnu -L/lib/../lib -L/usr/lib/x86_64-linux-gnu -L/usr/lib/../lib -L/usr/lib/gcc/x86_64-linux-gnu/8/../../.. CMakeFiles/cmTC_82ebd.dir/CMakeCXXCompilerABI.cpp.o -lstdc++ -lm -lgcc_s -lgcc -lc -lgcc_s -lgcc /usr/lib/gcc/x86_64-linux-gnu/8/crtendS.o /usr/lib/gcc/x86_64-linux-gnu/8/../../../x86_64-linux-gnu/crtn.o]
    arg [/usr/lib/gcc/x86_64-linux-gnu/8/collect2] ==> ignore
    arg [-plugin] ==> ignore
    arg [/usr/lib/gcc/x86_64-linux-gnu/8/liblto_plugin.so] ==> ignore
    arg [-plugin-opt=/usr/lib/gcc/x86_64-linux-gnu/8/lto-wrapper] ==> ignore
    arg [-plugin-opt=-fresolution=/tmp/ccBSu6mo.res] ==> ignore
    arg [-plugin-opt=-pass-through=-lgcc_s] ==> ignore
    arg [-plugin-opt=-pass-through=-lgcc] ==> ignore
    arg [-plugin-opt=-pass-through=-lc] ==> ignore
    arg [-plugin-opt=-pass-through=-lgcc_s] ==> ignore
    arg [-plugin-opt=-pass-through=-lgcc] ==> ignore
    arg [--build-id] ==> ignore
    arg [--eh-frame-hdr] ==> ignore
    arg [-m] ==> ignore
    arg [elf_x86_64] ==> ignore
    arg [--hash-style=gnu] ==> ignore
    arg [-dynamic-linker] ==> ignore
    arg [/lib64/ld-linux-x86-64.so.2] ==> ignore
    arg [-pie] ==> ignore
    arg [-o] ==> ignore
    arg [cmTC_82ebd] ==> ignore
    arg [/usr/lib/gcc/x86_64-linux-gnu/8/../../../x86_64-linux-gnu/Scrt1.o] ==> ignore
    arg [/usr/lib/gcc/x86_64-linux-gnu/8/../../../x86_64-linux-gnu/crti.o] ==> ignore
    arg [/usr/lib/gcc/x86_64-linux-gnu/8/crtbeginS.o] ==> ignore
    arg [-L/usr/lib/gcc/x86_64-linux-gnu/8] ==> dir [/usr/lib/gcc/x86_64-linux-gnu/8]
    arg [-L/usr/lib/gcc/x86_64-linux-gnu/8/../../../x86_64-linux-gnu] ==> dir [/usr/lib/gcc/x86_64-linux-gnu/8/../../../x86_64-linux-gnu]
    arg [-L/usr/lib/gcc/x86_64-linux-gnu/8/../../../../lib] ==> dir [/usr/lib/gcc/x86_64-linux-gnu/8/../../../../lib]
    arg [-L/lib/x86_64-linux-gnu] ==> dir [/lib/x86_64-linux-gnu]
    arg [-L/lib/../lib] ==> dir [/lib/../lib]
    arg [-L/usr/lib/x86_64-linux-gnu] ==> dir [/usr/lib/x86_64-linux-gnu]
    arg [-L/usr/lib/../lib] ==> dir [/usr/lib/../lib]
    arg [-L/usr/lib/gcc/x86_64-linux-gnu/8/../../..] ==> dir [/usr/lib/gcc/x86_64-linux-gnu/8/../../..]
    arg [CMakeFiles/cmTC_82ebd.dir/CMakeCXXCompilerABI.cpp.o] ==> ignore
    arg [-lstdc++] ==> lib [stdc++]
    arg [-lm] ==> lib [m]
    arg [-lgcc_s] ==> lib [gcc_s]
    arg [-lgcc] ==> lib [gcc]
    arg [-lc] ==> lib [c]
    arg [-lgcc_s] ==> lib [gcc_s]
    arg [-lgcc] ==> lib [gcc]
    arg [/usr/lib/gcc/x86_64-linux-gnu/8/crtendS.o] ==> ignore
    arg [/usr/lib/gcc/x86_64-linux-gnu/8/../../../x86_64-linux-gnu/crtn.o] ==> ignore
  collapse library dir [/usr/lib/gcc/x86_64-linux-gnu/8] ==> [/usr/lib/gcc/x86_64-linux-gnu/8]
  collapse library dir [/usr/lib/gcc/x86_64-linux-gnu/8/../../../x86_64-linux-gnu] ==> [/usr/lib/x86_64-linux-gnu]
  collapse library dir [/usr/lib/gcc/x86_64-linux-gnu/8/../../../../lib] ==> [/usr/lib]
  collapse library dir [/lib/x86_64-linux-gnu] ==> [/lib/x86_64-linux-gnu]
  collapse library dir [/lib/../lib] ==> [/lib]
  collapse library dir [/usr/lib/x86_64-linux-gnu] ==> [/usr/lib/x86_64-linux-gnu]
  collapse library dir [/usr/lib/../lib] ==> [/usr/lib]
  collapse library dir [/usr/lib/gcc/x86_64-linux-gnu/8/../../..] ==> [/usr/lib]
  implicit libs: [stdc++;m;gcc_s;gcc;c;gcc_s;gcc]
  implicit dirs: [/usr/lib/gcc/x86_64-linux-gnu/8;/usr/lib/x86_64-linux-gnu;/usr/lib;/lib/x86_64-linux-gnu;/lib]
  implicit fwks: []




Detecting CXX [-std=c++2a] compiler features compiled with the following output:
Change Dir: /home/a/Documents/ffmpeg-4.2.1/aom/CMakeFiles/CMakeTmp

Run Build Command:"/usr/bin/make" "cmTC_57dc2/fast"
/usr/bin/make -f CMakeFiles/cmTC_57dc2.dir/build.make CMakeFiles/cmTC_57dc2.dir/build
make[1]: Entering directory '/home/a/Documents/ffmpeg-4.2.1/aom/CMakeFiles/CMakeTmp'
Building CXX object CMakeFiles/cmTC_57dc2.dir/feature_tests.cxx.o
/usr/bin/c++    -std=c++2a -o CMakeFiles/cmTC_57dc2.dir/feature_tests.cxx.o -c /home/a/Documents/ffmpeg-4.2.1/aom/CMakeFiles/feature_tests.cxx
Linking CXX executable cmTC_57dc2
/usr/bin/cmake -E cmake_link_script CMakeFiles/cmTC_57dc2.dir/link.txt --verbose=1
/usr/bin/c++       CMakeFiles/cmTC_57dc2.dir/feature_tests.cxx.o  -o cmTC_57dc2 
make[1]: Leaving directory '/home/a/Documents/ffmpeg-4.2.1/aom/CMakeFiles/CMakeTmp'


    Feature record: CXX_FEATURE:1cxx_aggregate_default_initializers
    Feature record: CXX_FEATURE:1cxx_alias_templates
    Feature record: CXX_FEATURE:1cxx_alignas
    Feature record: CXX_FEATURE:1cxx_alignof
    Feature record: CXX_FEATURE:1cxx_attributes
    Feature record: CXX_FEATURE:1cxx_attribute_deprecated
    Feature record: CXX_FEATURE:1cxx_auto_type
    Feature record: CXX_FEATURE:1cxx_binary_literals
    Feature record: CXX_FEATURE:1cxx_constexpr
    Feature record: CXX_FEATURE:1cxx_contextual_conversions
    Feature record: CXX_FEATURE:1cxx_decltype
    Feature record: CXX_FEATURE:1cxx_decltype_auto
    Feature record: CXX_FEATURE:1cxx_decltype_incomplete_return_types
    Feature record: CXX_FEATURE:1cxx_default_function_template_args
    Feature record: CXX_FEATURE:1cxx_defaulted_functions
    Feature record: CXX_FEATURE:1cxx_defaulted_move_initializers
    Feature record: CXX_FEATURE:1cxx_delegating_constructors
    Feature record: CXX_FEATURE:1cxx_deleted_functions
    Feature record: CXX_FEATURE:1cxx_digit_separators
    Feature record: CXX_FEATURE:1cxx_enum_forward_declarations
    Feature record: CXX_FEATURE:1cxx_explicit_conversions
    Feature record: CXX_FEATURE:1cxx_extended_friend_declarations
    Feature record: CXX_FEATURE:1cxx_extern_templates
    Feature record: CXX_FEATURE:1cxx_final
    Feature record: CXX_FEATURE:1cxx_func_identifier
    Feature record: CXX_FEATURE:1cxx_generalized_initializers
    Feature record: CXX_FEATURE:1cxx_generic_lambdas
    Feature record: CXX_FEATURE:1cxx_inheriting_constructors
    Feature record: CXX_FEATURE:1cxx_inline_namespaces
    Feature record: CXX_FEATURE:1cxx_lambdas
    Feature record: CXX_FEATURE:1cxx_lambda_init_captures
    Feature record: CXX_FEATURE:1cxx_local_type_template_args
    Feature record: CXX_FEATURE:1cxx_long_long_type
    Feature record: CXX_FEATURE:1cxx_noexcept
    Feature record: CXX_FEATURE:1cxx_nonstatic_member_init
    Feature record: CXX_FEATURE:1cxx_nullptr
    Feature record: CXX_FEATURE:1cxx_override
    Feature record: CXX_FEATURE:1cxx_range_for
    Feature record: CXX_FEATURE:1cxx_raw_string_literals
    Feature record: CXX_FEATURE:1cxx_reference_qualified_functions
    Feature record: CXX_FEATURE:1cxx_relaxed_constexpr
    Feature record: CXX_FEATURE:1cxx_return_type_deduction
    Feature record: CXX_FEATURE:1cxx_right_angle_brackets
    Feature record: CXX_FEATURE:1cxx_rvalue_references
    Feature record: CXX_FEATURE:1cxx_sizeof_member
    Feature record: CXX_FEATURE:1cxx_static_assert
    Feature record: CXX_FEATURE:1cxx_strong_enums
    Feature record: CXX_FEATURE:1cxx_template_template_parameters
    Feature record: CXX_FEATURE:1cxx_thread_local
    Feature record: CXX_FEATURE:1cxx_trailing_return_types
    Feature record: CXX_FEATURE:1cxx_unicode_literals
    Feature record: CXX_FEATURE:1cxx_uniform_initialization
    Feature record: CXX_FEATURE:1cxx_unrestricted_unions
    Feature record: CXX_FEATURE:1cxx_user_literals
    Feature record: CXX_FEATURE:1cxx_variable_templates
    Feature record: CXX_FEATURE:1cxx_variadic_macros
    Feature record: CXX_FEATURE:1cxx_variadic_templates


Detecting CXX [-std=c++17] compiler features compiled with the following output:
Change Dir: /home/a/Documents/ffmpeg-4.2.1/aom/CMakeFiles/CMakeTmp

Run Build Command:"/usr/bin/make" "cmTC_2a469/fast"
/usr/bin/make -f CMakeFiles/cmTC_2a469.dir/build.make CMakeFiles/cmTC_2a469.dir/build
make[1]: Entering directory '/home/a/Documents/ffmpeg-4.2.1/aom/CMakeFiles/CMakeTmp'
Building CXX object CMakeFiles/cmTC_2a469.dir/feature_tests.cxx.o
/usr/bin/c++    -std=c++17 -o CMakeFiles/cmTC_2a469.dir/feature_tests.cxx.o -c /home/a/Documents/ffmpeg-4.2.1/aom/CMakeFiles/feature_tests.cxx
Linking CXX executable cmTC_2a469
/usr/bin/cmake -E cmake_link_script CMakeFiles/cmTC_2a469.dir/link.txt --verbose=1
/usr/bin/c++       CMakeFiles/cmTC_2a469.dir/feature_tests.cxx.o  -o cmTC_2a469 
make[1]: Leaving directory '/home/a/Documents/ffmpeg-4.2.1/aom/CMakeFiles/CMakeTmp'


    Feature record: CXX_FEATURE:1cxx_aggregate_default_initializers
    Feature record: CXX_FEATURE:1cxx_alias_templates
    Feature record: CXX_FEATURE:1cxx_alignas
    Feature record: CXX_FEATURE:1cxx_alignof
    Feature record: CXX_FEATURE:1cxx_attributes
    Feature record: CXX_FEATURE:1cxx_attribute_deprecated
    Feature record: CXX_FEATURE:1cxx_auto_type
    Feature record: CXX_FEATURE:1cxx_binary_literals
    Feature record: CXX_FEATURE:1cxx_constexpr
    Feature record: CXX_FEATURE:1cxx_contextual_conversions
    Feature record: CXX_FEATURE:1cxx_decltype
    Feature record: CXX_FEATURE:1cxx_decltype_auto
    Feature record: CXX_FEATURE:1cxx_decltype_incomplete_return_types
    Feature record: CXX_FEATURE:1cxx_default_function_template_args
    Feature record: CXX_FEATURE:1cxx_defaulted_functions
    Feature record: CXX_FEATURE:1cxx_defaulted_move_initializers
    Feature record: CXX_FEATURE:1cxx_delegating_constructors
    Feature record: CXX_FEATURE:1cxx_deleted_functions
    Feature record: CXX_FEATURE:1cxx_digit_separators
    Feature record: CXX_FEATURE:1cxx_enum_forward_declarations
    Feature record: CXX_FEATURE:1cxx_explicit_conversions
    Feature record: CXX_FEATURE:1cxx_extended_friend_declarations
    Feature record: CXX_FEATURE:1cxx_extern_templates
    Feature record: CXX_FEATURE:1cxx_final
    Feature record: CXX_FEATURE:1cxx_func_identifier
    Feature record: CXX_FEATURE:1cxx_generalized_initializers
    Feature record: CXX_FEATURE:1cxx_generic_lambdas
    Feature record: CXX_FEATURE:1cxx_inheriting_constructors
    Feature record: CXX_FEATURE:1cxx_inline_namespaces
    Feature record: CXX_FEATURE:1cxx_lambdas
    Feature record: CXX_FEATURE:1cxx_lambda_init_captures
    Feature record: CXX_FEATURE:1cxx_local_type_template_args
    Feature record: CXX_FEATURE:1cxx_long_long_type
    Feature record: CXX_FEATURE:1cxx_noexcept
    Feature record: CXX_FEATURE:1cxx_nonstatic_member_init
    Feature record: CXX_FEATURE:1cxx_nullptr
    Feature record: CXX_FEATURE:1cxx_override
    Feature record: CXX_FEATURE:1cxx_range_for
    Feature record: CXX_FEATURE:1cxx_raw_string_literals
    Feature record: CXX_FEATURE:1cxx_reference_qualified_functions
    Feature record: CXX_FEATURE:1cxx_relaxed_constexpr
    Feature record: CXX_FEATURE:1cxx_return_type_deduction
    Feature record: CXX_FEATURE:1cxx_right_angle_brackets
    Feature record: CXX_FEATURE:1cxx_rvalue_references
    Feature record: CXX_FEATURE:1cxx_sizeof_member
    Feature record: CXX_FEATURE:1cxx_static_assert
    Feature record: CXX_FEATURE:1cxx_strong_enums
    Feature record: CXX_FEATURE:1cxx_template_template_parameters
    Feature record: CXX_FEATURE:1cxx_thread_local
    Feature record: CXX_FEATURE:1cxx_trailing_return_types
    Feature record: CXX_FEATURE:1cxx_unicode_literals
    Feature record: CXX_FEATURE:1cxx_uniform_initialization
    Feature record: CXX_FEATURE:1cxx_unrestricted_unions
    Feature record: CXX_FEATURE:1cxx_user_literals
    Feature record: CXX_FEATURE:1cxx_variable_templates
    Feature record: CXX_FEATURE:1cxx_variadic_macros
    Feature record: CXX_FEATURE:1cxx_variadic_templates


Detecting CXX [-std=c++14] compiler features compiled with the following output:
Change Dir: /home/a/Documents/ffmpeg-4.2.1/aom/CMakeFiles/CMakeTmp

Run Build Command:"/usr/bin/make" "cmTC_4cfbc/fast"
/usr/bin/make -f CMakeFiles/cmTC_4cfbc.dir/build.make CMakeFiles/cmTC_4cfbc.dir/build
make[1]: Entering directory '/home/a/Documents/ffmpeg-4.2.1/aom/CMakeFiles/CMakeTmp'
Building CXX object CMakeFiles/cmTC_4cfbc.dir/feature_tests.cxx.o
/usr/bin/c++    -std=c++14 -o CMakeFiles/cmTC_4cfbc.dir/feature_tests.cxx.o -c /home/a/Documents/ffmpeg-4.2.1/aom/CMakeFiles/feature_tests.cxx
Linking CXX executable cmTC_4cfbc
/usr/bin/cmake -E cmake_link_script CMakeFiles/cmTC_4cfbc.dir/link.txt --verbose=1
/usr/bin/c++       CMakeFiles/cmTC_4cfbc.dir/feature_tests.cxx.o  -o cmTC_4cfbc 
make[1]: Leaving directory '/home/a/Documents/ffmpeg-4.2.1/aom/CMakeFiles/CMakeTmp'


    Feature record: CXX_FEATURE:1cxx_aggregate_default_initializers
    Feature record: CXX_FEATURE:1cxx_alias_templates
    Feature record: CXX_FEATURE:1cxx_alignas
    Feature record: CXX_FEATURE:1cxx_alignof
    Feature record: CXX_FEATURE:1cxx_attributes
    Feature record: CXX_FEATURE:1cxx_attribute_deprecated
    Feature record: CXX_FEATURE:1cxx_auto_type
    Feature record: CXX_FEATURE:1cxx_binary_literals
    Feature record: CXX_FEATURE:1cxx_constexpr
    Feature record: CXX_FEATURE:1cxx_contextual_conversions
    Feature record: CXX_FEATURE:1cxx_decltype
    Feature record: CXX_FEATURE:1cxx_decltype_auto
    Feature record: CXX_FEATURE:1cxx_decltype_incomplete_return_types
    Feature record: CXX_FEATURE:1cxx_default_function_template_args
    Feature record: CXX_FEATURE:1cxx_defaulted_functions
    Feature record: CXX_FEATURE:1cxx_defaulted_move_initializers
    Feature record: CXX_FEATURE:1cxx_delegating_constructors
    Feature record: CXX_FEATURE:1cxx_deleted_functions
    Feature record: CXX_FEATURE:1cxx_digit_separators
    Feature record: CXX_FEATURE:1cxx_enum_forward_declarations
    Feature record: CXX_FEATURE:1cxx_explicit_conversions
    Feature record: CXX_FEATURE:1cxx_extended_friend_declarations
    Feature record: CXX_FEATURE:1cxx_extern_templates
    Feature record: CXX_FEATURE:1cxx_final
    Feature record: CXX_FEATURE:1cxx_func_identifier
    Feature record: CXX_FEATURE:1cxx_generalized_initializers
    Feature record: CXX_FEATURE:1cxx_generic_lambdas
    Feature record: CXX_FEATURE:1cxx_inheriting_constructors
    Feature record: CXX_FEATURE:1cxx_inline_namespaces
    Feature record: CXX_FEATURE:1cxx_lambdas
    Feature record: CXX_FEATURE:1cxx_lambda_init_captures
    Feature record: CXX_FEATURE:1cxx_local_type_template_args
    Feature record: CXX_FEATURE:1cxx_long_long_type
    Feature record: CXX_FEATURE:1cxx_noexcept
    Feature record: CXX_FEATURE:1cxx_nonstatic_member_init
    Feature record: CXX_FEATURE:1cxx_nullptr
    Feature record: CXX_FEATURE:1cxx_override
    Feature record: CXX_FEATURE:1cxx_range_for
    Feature record: CXX_FEATURE:1cxx_raw_string_literals
    Feature record: CXX_FEATURE:1cxx_reference_qualified_functions
    Feature record: CXX_FEATURE:1cxx_relaxed_constexpr
    Feature record: CXX_FEATURE:1cxx_return_type_deduction
    Feature record: CXX_FEATURE:1cxx_right_angle_brackets
    Feature record: CXX_FEATURE:1cxx_rvalue_references
    Feature record: CXX_FEATURE:1cxx_sizeof_member
    Feature record: CXX_FEATURE:1cxx_static_assert
    Feature record: CXX_FEATURE:1cxx_strong_enums
    Feature record: CXX_FEATURE:1cxx_template_template_parameters
    Feature record: CXX_FEATURE:1cxx_thread_local
    Feature record: CXX_FEATURE:1cxx_trailing_return_types
    Feature record: CXX_FEATURE:1cxx_unicode_literals
    Feature record: CXX_FEATURE:1cxx_uniform_initialization
    Feature record: CXX_FEATURE:1cxx_unrestricted_unions
    Feature record: CXX_FEATURE:1cxx_user_literals
    Feature record: CXX_FEATURE:1cxx_variable_templates
    Feature record: CXX_FEATURE:1cxx_variadic_macros
    Feature record: CXX_FEATURE:1cxx_variadic_templates


Detecting CXX [-std=c++11] compiler features compiled with the following output:
Change Dir: /home/a/Documents/ffmpeg-4.2.1/aom/CMakeFiles/CMakeTmp

Run Build Command:"/usr/bin/make" "cmTC_003c4/fast"
/usr/bin/make -f CMakeFiles/cmTC_003c4.dir/build.make CMakeFiles/cmTC_003c4.dir/build
make[1]: Entering directory '/home/a/Documents/ffmpeg-4.2.1/aom/CMakeFiles/CMakeTmp'
Building CXX object CMakeFiles/cmTC_003c4.dir/feature_tests.cxx.o
/usr/bin/c++    -std=c++11 -o CMakeFiles/cmTC_003c4.dir/feature_tests.cxx.o -c /home/a/Documents/ffmpeg-4.2.1/aom/CMakeFiles/feature_tests.cxx
Linking CXX executable cmTC_003c4
/usr/bin/cmake -E cmake_link_script CMakeFiles/cmTC_003c4.dir/link.txt --verbose=1
/usr/bin/c++       CMakeFiles/cmTC_003c4.dir/feature_tests.cxx.o  -o cmTC_003c4 
make[1]: Leaving directory '/home/a/Documents/ffmpeg-4.2.1/aom/CMakeFiles/CMakeTmp'


    Feature record: CXX_FEATURE:0cxx_aggregate_default_initializers
    Feature record: CXX_FEATURE:1cxx_alias_templates
    Feature record: CXX_FEATURE:1cxx_alignas
    Feature record: CXX_FEATURE:1cxx_alignof
    Feature record: CXX_FEATURE:1cxx_attributes
    Feature record: CXX_FEATURE:0cxx_attribute_deprecated
    Feature record: CXX_FEATURE:1cxx_auto_type
    Feature record: CXX_FEATURE:0cxx_binary_literals
    Feature record: CXX_FEATURE:1cxx_constexpr
    Feature record: CXX_FEATURE:0cxx_contextual_conversions
    Feature record: CXX_FEATURE:1cxx_decltype
    Feature record: CXX_FEATURE:0cxx_decltype_auto
    Feature record: CXX_FEATURE:1cxx_decltype_incomplete_return_types
    Feature record: CXX_FEATURE:1cxx_default_function_template_args
    Feature record: CXX_FEATURE:1cxx_defaulted_functions
    Feature record: CXX_FEATURE:1cxx_defaulted_move_initializers
    Feature record: CXX_FEATURE:1cxx_delegating_constructors
    Feature record: CXX_FEATURE:1cxx_deleted_functions
    Feature record: CXX_FEATURE:0cxx_digit_separators
    Feature record: CXX_FEATURE:1cxx_enum_forward_declarations
    Feature record: CXX_FEATURE:1cxx_explicit_conversions
    Feature record: CXX_FEATURE:1cxx_extended_friend_declarations
    Feature record: CXX_FEATURE:1cxx_extern_templates
    Feature record: CXX_FEATURE:1cxx_final
    Feature record: CXX_FEATURE:1cxx_func_identifier
    Feature record: CXX_FEATURE:1cxx_generalized_initializers
    Feature record: CXX_FEATURE:0cxx_generic_lambdas
    Feature record: CXX_FEATURE:1cxx_inheriting_constructors
    Feature record: CXX_FEATURE:1cxx_inline_namespaces
    Feature record: CXX_FEATURE:1cxx_lambdas
    Feature record: CXX_FEATURE:0cxx_lambda_init_captures
    Feature record: CXX_FEATURE:1cxx_local_type_template_args
    Feature record: CXX_FEATURE:1cxx_long_long_type
    Feature record: CXX_FEATURE:1cxx_noexcept
    Feature record: CXX_FEATURE:1cxx_nonstatic_member_init
    Feature record: CXX_FEATURE:1cxx_nullptr
    Feature record: CXX_FEATURE:1cxx_override
    Feature record: CXX_FEATURE:1cxx_range_for
    Feature record: CXX_FEATURE:1cxx_raw_string_literals
    Feature record: CXX_FEATURE:1cxx_reference_qualified_functions
    Feature record: CXX_FEATURE:0cxx_relaxed_constexpr
    Feature record: CXX_FEATURE:0cxx_return_type_deduction
    Feature record: CXX_FEATURE:1cxx_right_angle_brackets
    Feature record: CXX_FEATURE:1cxx_rvalue_references
    Feature record: CXX_FEATURE:1cxx_sizeof_member
    Feature record: CXX_FEATURE:1cxx_static_assert
    Feature record: CXX_FEATURE:1cxx_strong_enums
    Feature record: CXX_FEATURE:1cxx_template_template_parameters
    Feature record: CXX_FEATURE:1cxx_thread_local
    Feature record: CXX_FEATURE:1cxx_trailing_return_types
    Feature record: CXX_FEATURE:1cxx_unicode_literals
    Feature record: CXX_FEATURE:1cxx_uniform_initialization
    Feature record: CXX_FEATURE:1cxx_unrestricted_unions
    Feature record: CXX_FEATURE:1cxx_user_literals
    Feature record: CXX_FEATURE:0cxx_variable_templates
    Feature record: CXX_FEATURE:1cxx_variadic_macros
    Feature record: CXX_FEATURE:1cxx_variadic_templates


Detecting CXX [-std=c++98] compiler features compiled with the following output:
Change Dir: /home/a/Documents/ffmpeg-4.2.1/aom/CMakeFiles/CMakeTmp

Run Build Command:"/usr/bin/make" "cmTC_6644a/fast"
/usr/bin/make -f CMakeFiles/cmTC_6644a.dir/build.make CMakeFiles/cmTC_6644a.dir/build
make[1]: Entering directory '/home/a/Documents/ffmpeg-4.2.1/aom/CMakeFiles/CMakeTmp'
Building CXX object CMakeFiles/cmTC_6644a.dir/feature_tests.cxx.o
/usr/bin/c++    -std=c++98 -o CMakeFiles/cmTC_6644a.dir/feature_tests.cxx.o -c /home/a/Documents/ffmpeg-4.2.1/aom/CMakeFiles/feature_tests.cxx
Linking CXX executable cmTC_6644a
/usr/bin/cmake -E cmake_link_script CMakeFiles/cmTC_6644a.dir/link.txt --verbose=1
/usr/bin/c++       CMakeFiles/cmTC_6644a.dir/feature_tests.cxx.o  -o cmTC_6644a 
make[1]: Leaving directory '/home/a/Documents/ffmpeg-4.2.1/aom/CMakeFiles/CMakeTmp'


    Feature record: CXX_FEATURE:0cxx_aggregate_default_initializers
    Feature record: CXX_FEATURE:0cxx_alias_templates
    Feature record: CXX_FEATURE:0cxx_alignas
    Feature record: CXX_FEATURE:0cxx_alignof
    Feature record: CXX_FEATURE:0cxx_attributes
    Feature record: CXX_FEATURE:0cxx_attribute_deprecated
    Feature record: CXX_FEATURE:0cxx_auto_type
    Feature record: CXX_FEATURE:0cxx_binary_literals
    Feature record: CXX_FEATURE:0cxx_constexpr
    Feature record: CXX_FEATURE:0cxx_contextual_conversions
    Feature record: CXX_FEATURE:0cxx_decltype
    Feature record: CXX_FEATURE:0cxx_decltype_auto
    Feature record: CXX_FEATURE:0cxx_decltype_incomplete_return_types
    Feature record: CXX_FEATURE:0cxx_default_function_template_args
    Feature record: CXX_FEATURE:0cxx_defaulted_functions
    Feature record: CXX_FEATURE:0cxx_defaulted_move_initializers
    Feature record: CXX_FEATURE:0cxx_delegating_constructors
    Feature record: CXX_FEATURE:0cxx_deleted_functions
    Feature record: CXX_FEATURE:0cxx_digit_separators
    Feature record: CXX_FEATURE:0cxx_enum_forward_declarations
    Feature record: CXX_FEATURE:0cxx_explicit_conversions
    Feature record: CXX_FEATURE:0cxx_extended_friend_declarations
    Feature record: CXX_FEATURE:0cxx_extern_templates
    Feature record: CXX_FEATURE:0cxx_final
    Feature record: CXX_FEATURE:0cxx_func_identifier
    Feature record: CXX_FEATURE:0cxx_generalized_initializers
    Feature record: CXX_FEATURE:0cxx_generic_lambdas
    Feature record: CXX_FEATURE:0cxx_inheriting_constructors
    Feature record: CXX_FEATURE:0cxx_inline_namespaces
    Feature record: CXX_FEATURE:0cxx_lambdas
    Feature record: CXX_FEATURE:0cxx_lambda_init_captures
    Feature record: CXX_FEATURE:0cxx_local_type_template_args
    Feature record: CXX_FEATURE:0cxx_long_long_type
    Feature record: CXX_FEATURE:0cxx_noexcept
    Feature record: CXX_FEATURE:0cxx_nonstatic_member_init
    Feature record: CXX_FEATURE:0cxx_nullptr
    Feature record: CXX_FEATURE:0cxx_override
    Feature record: CXX_FEATURE:0cxx_range_for
    Feature record: CXX_FEATURE:0cxx_raw_string_literals
    Feature record: CXX_FEATURE:0cxx_reference_qualified_functions
    Feature record: CXX_FEATURE:0cxx_relaxed_constexpr
    Feature record: CXX_FEATURE:0cxx_return_type_deduction
    Feature record: CXX_FEATURE:0cxx_right_angle_brackets
    Feature record: CXX_FEATURE:0cxx_rvalue_references
    Feature record: CXX_FEATURE:0cxx_sizeof_member
    Feature record: CXX_FEATURE:0cxx_static_assert
    Feature record: CXX_FEATURE:0cxx_strong_enums
    Feature record: CXX_FEATURE:1cxx_template_template_parameters
    Feature record: CXX_FEATURE:0cxx_thread_local
    Feature record: CXX_FEATURE:0cxx_trailing_return_types
    Feature record: CXX_FEATURE:0cxx_unicode_literals
    Feature record: CXX_FEATURE:0cxx_uniform_initialization
    Feature record: CXX_FEATURE:0cxx_unrestricted_unions
    Feature record: CXX_FEATURE:0cxx_user_literals
    Feature record: CXX_FEATURE:0cxx_variable_templates
    Feature record: CXX_FEATURE:0cxx_variadic_macros
    Feature record: CXX_FEATURE:0cxx_variadic_templates
Determining if the include file pthread.h exists passed with the following output:
Change Dir: /home/a/Documents/ffmpeg-4.2.1/aom/CMakeFiles/CMakeTmp

Run Build Command:"/usr/bin/make" "cmTC_9d867/fast"
/usr/bin/make -f CMakeFiles/cmTC_9d867.dir/build.make CMakeFiles/cmTC_9d867.dir/build
make[1]: Entering directory '/home/a/Documents/ffmpeg-4.2.1/aom/CMakeFiles/CMakeTmp'
Building C object CMakeFiles/cmTC_9d867.dir/CheckIncludeFile.c.o
/usr/bin/cc    -o CMakeFiles/cmTC_9d867.dir/CheckIncludeFile.c.o   -c /home/a/Documents/ffmpeg-4.2.1/aom/CMakeFiles/CMakeTmp/CheckIncludeFile.c
Linking C executable cmTC_9d867
/usr/bin/cmake -E cmake_link_script CMakeFiles/cmTC_9d867.dir/link.txt --verbose=1
/usr/bin/cc      CMakeFiles/cmTC_9d867.dir/CheckIncludeFile.c.o  -o cmTC_9d867 
make[1]: Leaving directory '/home/a/Documents/ffmpeg-4.2.1/aom/CMakeFiles/CMakeTmp'


Determining if the function pthread_create exists in the pthread passed with the following output:
Change Dir: /home/a/Documents/ffmpeg-4.2.1/aom/CMakeFiles/CMakeTmp

Run Build Command:"/usr/bin/make" "cmTC_ca107/fast"
/usr/bin/make -f CMakeFiles/cmTC_ca107.dir/build.make CMakeFiles/cmTC_ca107.dir/build
make[1]: Entering directory '/home/a/Documents/ffmpeg-4.2.1/aom/CMakeFiles/CMakeTmp'
Building C object CMakeFiles/cmTC_ca107.dir/CheckFunctionExists.c.o
/usr/bin/cc   -DCHECK_FUNCTION_EXISTS=pthread_create   -o CMakeFiles/cmTC_ca107.dir/CheckFunctionExists.c.o   -c /usr/share/cmake-3.13/Modules/CheckFunctionExists.c
Linking C executable cmTC_ca107
/usr/bin/cmake -E cmake_link_script CMakeFiles/cmTC_ca107.dir/link.txt --verbose=1
/usr/bin/cc  -DCHECK_FUNCTION_EXISTS=pthread_create    CMakeFiles/cmTC_ca107.dir/CheckFunctionExists.c.o  -o cmTC_ca107 -lpthread 
make[1]: Leaving directory '/home/a/Documents/ffmpeg-4.2.1/aom/CMakeFiles/CMakeTmp'


Performing C SOURCE FILE Test C_TEST_COMPILED succeeded with the following output:
Change Dir: /home/a/Documents/ffmpeg-4.2.1/aom/CMakeFiles/CMakeTmp

Run Build Command:"/usr/bin/make" "cmTC_726c6/fast"
/usr/bin/make -f CMakeFiles/cmTC_726c6.dir/build.make CMakeFiles/cmTC_726c6.dir/build
make[1]: Entering directory '/home/a/Documents/ffmpeg-4.2.1/aom/CMakeFiles/CMakeTmp'
Building C object CMakeFiles/cmTC_726c6.dir/src.c.o
/usr/bin/cc   -DC_TEST_COMPILED -fPIE   -o CMakeFiles/cmTC_726c6.dir/src.c.o   -c /home/a/Documents/ffmpeg-4.2.1/aom/CMakeFiles/CMakeTmp/src.c
Linking C executable cmTC_726c6
/usr/bin/cmake -E cmake_link_script CMakeFiles/cmTC_726c6.dir/link.txt --verbose=1
/usr/bin/cc  -DC_TEST_COMPILED    CMakeFiles/cmTC_726c6.dir/src.c.o  -o cmTC_726c6 
make[1]: Leaving directory '/home/a/Documents/ffmpeg-4.2.1/aom/CMakeFiles/CMakeTmp'

Source file was:
static inline void function(void) {} 
int main(void) { return 0; }
Performing C++ SOURCE FILE Test CXX_TEST_COMPILED succeeded with the following output:
Change Dir: /home/a/Documents/ffmpeg-4.2.1/aom/CMakeFiles/CMakeTmp

Run Build Command:"/usr/bin/make" "cmTC_f8345/fast"
/usr/bin/make -f CMakeFiles/cmTC_f8345.dir/build.make CMakeFiles/cmTC_f8345.dir/build
make[1]: Entering directory '/home/a/Documents/ffmpeg-4.2.1/aom/CMakeFiles/CMakeTmp'
Building CXX object CMakeFiles/cmTC_f8345.dir/src.cxx.o
/usr/bin/c++    -DCXX_TEST_COMPILED -fPIE   -o CMakeFiles/cmTC_f8345.dir/src.cxx.o -c /home/a/Documents/ffmpeg-4.2.1/aom/CMakeFiles/CMakeTmp/src.cxx
Linking CXX executable cmTC_f8345
/usr/bin/cmake -E cmake_link_script CMakeFiles/cmTC_f8345.dir/link.txt --verbose=1
/usr/bin/c++   -DCXX_TEST_COMPILED    CMakeFiles/cmTC_f8345.dir/src.cxx.o  -o cmTC_f8345 
make[1]: Leaving directory '/home/a/Documents/ffmpeg-4.2.1/aom/CMakeFiles/CMakeTmp'

Source file was:
static inline void function(void) {} 
int main() { return 0; }
Performing C SOURCE FILE Test C_TEST_COMPILED succeeded with the following output:
Change Dir: /home/a/Documents/ffmpeg-4.2.1/aom/CMakeFiles/CMakeTmp

Run Build Command:"/usr/bin/make" "cmTC_013c3/fast"
/usr/bin/make -f CMakeFiles/cmTC_013c3.dir/build.make CMakeFiles/cmTC_013c3.dir/build
make[1]: Entering directory '/home/a/Documents/ffmpeg-4.2.1/aom/CMakeFiles/CMakeTmp'
Building C object CMakeFiles/cmTC_013c3.dir/src.c.o
/usr/bin/cc   -DC_TEST_COMPILED -fPIE   -o CMakeFiles/cmTC_013c3.dir/src.c.o   -c /home/a/Documents/ffmpeg-4.2.1/aom/CMakeFiles/CMakeTmp/src.c
Linking C executable cmTC_013c3
/usr/bin/cmake -E cmake_link_script CMakeFiles/cmTC_013c3.dir/link.txt --verbose=1
/usr/bin/cc  -DC_TEST_COMPILED    CMakeFiles/cmTC_013c3.dir/src.c.o  -o cmTC_013c3 
make[1]: Leaving directory '/home/a/Documents/ffmpeg-4.2.1/aom/CMakeFiles/CMakeTmp'

Source file was:
#include <unistd.h> 
int main(void) { return 0; }
Performing C++ SOURCE FILE Test CXX_TEST_COMPILED succeeded with the following output:
Change Dir: /home/a/Documents/ffmpeg-4.2.1/aom/CMakeFiles/CMakeTmp

Run Build Command:"/usr/bin/make" "cmTC_d5b4f/fast"
/usr/bin/make -f CMakeFiles/cmTC_d5b4f.dir/build.make CMakeFiles/cmTC_d5b4f.dir/build
make[1]: Entering directory '/home/a/Documents/ffmpeg-4.2.1/aom/CMakeFiles/CMakeTmp'
Building CXX object CMakeFiles/cmTC_d5b4f.dir/src.cxx.o
/usr/bin/c++    -DCXX_TEST_COMPILED -fPIE   -o CMakeFiles/cmTC_d5b4f.dir/src.cxx.o -c /home/a/Documents/ffmpeg-4.2.1/aom/CMakeFiles/CMakeTmp/src.cxx
Linking CXX executable cmTC_d5b4f
/usr/bin/cmake -E cmake_link_script CMakeFiles/cmTC_d5b4f.dir/link.txt --verbose=1
/usr/bin/c++   -DCXX_TEST_COMPILED    CMakeFiles/cmTC_d5b4f.dir/src.cxx.o  -o cmTC_d5b4f 
make[1]: Leaving directory '/home/a/Documents/ffmpeg-4.2.1/aom/CMakeFiles/CMakeTmp'

Source file was:
#include <unistd.h> 
int main() { return 0; }
Performing C SOURCE FILE Test C_TEST_COMPILED succeeded with the following output:
Change Dir: /home/a/Documents/ffmpeg-4.2.1/aom/CMakeFiles/CMakeTmp

Run Build Command:"/usr/bin/make" "cmTC_a88e2/fast"
/usr/bin/make -f CMakeFiles/cmTC_a88e2.dir/build.make CMakeFiles/cmTC_a88e2.dir/build
make[1]: Entering directory '/home/a/Documents/ffmpeg-4.2.1/aom/CMakeFiles/CMakeTmp'
Building C object CMakeFiles/cmTC_a88e2.dir/src.c.o
/usr/bin/cc   -DC_TEST_COMPILED -fPIE   -o CMakeFiles/cmTC_a88e2.dir/src.c.o   -c /home/a/Documents/ffmpeg-4.2.1/aom/CMakeFiles/CMakeTmp/src.c
Linking C executable cmTC_a88e2
/usr/bin/cmake -E cmake_link_script CMakeFiles/cmTC_a88e2.dir/link.txt --verbose=1
/usr/bin/cc  -DC_TEST_COMPILED    CMakeFiles/cmTC_a88e2.dir/src.c.o  -o cmTC_a88e2 -lm 
make[1]: Leaving directory '/home/a/Documents/ffmpeg-4.2.1/aom/CMakeFiles/CMakeTmp'

Source file was:
#define _GNU_SOURCE
                        #include <fenv.h>
                        void unused(void) {
                          (void)unused;
                          (void)feenableexcept(FE_DIVBYZERO | FE_INVALID);
                        } 
int main(void) { return 0; }
Performing C SOURCE FILE Test HAVE_C_FLAG succeeded with the following output:
Change Dir: /home/a/Documents/ffmpeg-4.2.1/aom/CMakeFiles/CMakeTmp

Run Build Command:"/usr/bin/make" "cmTC_097ae/fast"
/usr/bin/make -f CMakeFiles/cmTC_097ae.dir/build.make CMakeFiles/cmTC_097ae.dir/build
make[1]: Entering directory '/home/a/Documents/ffmpeg-4.2.1/aom/CMakeFiles/CMakeTmp'
Building C object CMakeFiles/cmTC_097ae.dir/src.c.o
/usr/bin/cc   -DHAVE_C_FLAG -fPIE   -std=c99 -o CMakeFiles/cmTC_097ae.dir/src.c.o   -c /home/a/Documents/ffmpeg-4.2.1/aom/CMakeFiles/CMakeTmp/src.c
Linking C executable cmTC_097ae
/usr/bin/cmake -E cmake_link_script CMakeFiles/cmTC_097ae.dir/link.txt --verbose=1
/usr/bin/cc  -DHAVE_C_FLAG    CMakeFiles/cmTC_097ae.dir/src.c.o  -o cmTC_097ae -lm 
make[1]: Leaving directory '/home/a/Documents/ffmpeg-4.2.1/aom/CMakeFiles/CMakeTmp'

Source file was:
int main(void) { return 0; }
Performing C++ SOURCE FILE Test HAVE_CXX_FLAG succeeded with the following output:
Change Dir: /home/a/Documents/ffmpeg-4.2.1/aom/CMakeFiles/CMakeTmp

Run Build Command:"/usr/bin/make" "cmTC_434ac/fast"
/usr/bin/make -f CMakeFiles/cmTC_434ac.dir/build.make CMakeFiles/cmTC_434ac.dir/build
make[1]: Entering directory '/home/a/Documents/ffmpeg-4.2.1/aom/CMakeFiles/CMakeTmp'
Building CXX object CMakeFiles/cmTC_434ac.dir/src.cxx.o
/usr/bin/c++    -DHAVE_CXX_FLAG -fPIE   -std=c++11 -o CMakeFiles/cmTC_434ac.dir/src.cxx.o -c /home/a/Documents/ffmpeg-4.2.1/aom/CMakeFiles/CMakeTmp/src.cxx
Linking CXX executable cmTC_434ac
/usr/bin/cmake -E cmake_link_script CMakeFiles/cmTC_434ac.dir/link.txt --verbose=1
/usr/bin/c++   -DHAVE_CXX_FLAG    CMakeFiles/cmTC_434ac.dir/src.cxx.o  -o cmTC_434ac -lm 
make[1]: Leaving directory '/home/a/Documents/ffmpeg-4.2.1/aom/CMakeFiles/CMakeTmp'

Source file was:
int main() { return 0; }
Performing C SOURCE FILE Test C_FLAG_SUPPORTED succeeded with the following output:
Change Dir: /home/a/Documents/ffmpeg-4.2.1/aom/CMakeFiles/CMakeTmp

Run Build Command:"/usr/bin/make" "cmTC_3b5f9/fast"
/usr/bin/make -f CMakeFiles/cmTC_3b5f9.dir/build.make CMakeFiles/cmTC_3b5f9.dir/build
make[1]: Entering directory '/home/a/Documents/ffmpeg-4.2.1/aom/CMakeFiles/CMakeTmp'
Building C object CMakeFiles/cmTC_3b5f9.dir/src.c.o
/usr/bin/cc   -DC_FLAG_SUPPORTED -fPIE   -Wall -o CMakeFiles/cmTC_3b5f9.dir/src.c.o   -c /home/a/Documents/ffmpeg-4.2.1/aom/CMakeFiles/CMakeTmp/src.c
Linking C executable cmTC_3b5f9
/usr/bin/cmake -E cmake_link_script CMakeFiles/cmTC_3b5f9.dir/link.txt --verbose=1
/usr/bin/cc  -DC_FLAG_SUPPORTED    CMakeFiles/cmTC_3b5f9.dir/src.c.o  -o cmTC_3b5f9 -lm 
make[1]: Leaving directory '/home/a/Documents/ffmpeg-4.2.1/aom/CMakeFiles/CMakeTmp'

Source file was:
int main(void) { return 0; }
Performing C++ SOURCE FILE Test CXX_FLAG_SUPPORTED succeeded with the following output:
Change Dir: /home/a/Documents/ffmpeg-4.2.1/aom/CMakeFiles/CMakeTmp

Run Build Command:"/usr/bin/make" "cmTC_d4293/fast"
/usr/bin/make -f CMakeFiles/cmTC_d4293.dir/build.make CMakeFiles/cmTC_d4293.dir/build
make[1]: Entering directory '/home/a/Documents/ffmpeg-4.2.1/aom/CMakeFiles/CMakeTmp'
Building CXX object CMakeFiles/cmTC_d4293.dir/src.cxx.o
/usr/bin/c++    -DCXX_FLAG_SUPPORTED -fPIE   -Wall -o CMakeFiles/cmTC_d4293.dir/src.cxx.o -c /home/a/Documents/ffmpeg-4.2.1/aom/CMakeFiles/CMakeTmp/src.cxx
Linking CXX executable cmTC_d4293
/usr/bin/cmake -E cmake_link_script CMakeFiles/cmTC_d4293.dir/link.txt --verbose=1
/usr/bin/c++   -DCXX_FLAG_SUPPORTED    CMakeFiles/cmTC_d4293.dir/src.cxx.o  -o cmTC_d4293 -lm 
make[1]: Leaving directory '/home/a/Documents/ffmpeg-4.2.1/aom/CMakeFiles/CMakeTmp'

Source file was:
int main() { return 0; }
Performing C SOURCE FILE Test C_FLAG_SUPPORTED succeeded with the following output:
Change Dir: /home/a/Documents/ffmpeg-4.2.1/aom/CMakeFiles/CMakeTmp

Run Build Command:"/usr/bin/make" "cmTC_16f5d/fast"
/usr/bin/make -f CMakeFiles/cmTC_16f5d.dir/build.make CMakeFiles/cmTC_16f5d.dir/build
make[1]: Entering directory '/home/a/Documents/ffmpeg-4.2.1/aom/CMakeFiles/CMakeTmp'
Building C object CMakeFiles/cmTC_16f5d.dir/src.c.o
/usr/bin/cc   -DC_FLAG_SUPPORTED -fPIE   -Wdisabled-optimization -o CMakeFiles/cmTC_16f5d.dir/src.c.o   -c /home/a/Documents/ffmpeg-4.2.1/aom/CMakeFiles/CMakeTmp/src.c
Linking C executable cmTC_16f5d
/usr/bin/cmake -E cmake_link_script CMakeFiles/cmTC_16f5d.dir/link.txt --verbose=1
/usr/bin/cc  -DC_FLAG_SUPPORTED    CMakeFiles/cmTC_16f5d.dir/src.c.o  -o cmTC_16f5d -lm 
make[1]: Leaving directory '/home/a/Documents/ffmpeg-4.2.1/aom/CMakeFiles/CMakeTmp'

Source file was:
int main(void) { return 0; }
Performing C++ SOURCE FILE Test CXX_FLAG_SUPPORTED succeeded with the following output:
Change Dir: /home/a/Documents/ffmpeg-4.2.1/aom/CMakeFiles/CMakeTmp

Run Build Command:"/usr/bin/make" "cmTC_8d4f0/fast"
/usr/bin/make -f CMakeFiles/cmTC_8d4f0.dir/build.make CMakeFiles/cmTC_8d4f0.dir/build
make[1]: Entering directory '/home/a/Documents/ffmpeg-4.2.1/aom/CMakeFiles/CMakeTmp'
Building CXX object CMakeFiles/cmTC_8d4f0.dir/src.cxx.o
/usr/bin/c++    -DCXX_FLAG_SUPPORTED -fPIE   -Wdisabled-optimization -o CMakeFiles/cmTC_8d4f0.dir/src.cxx.o -c /home/a/Documents/ffmpeg-4.2.1/aom/CMakeFiles/CMakeTmp/src.cxx
Linking CXX executable cmTC_8d4f0
/usr/bin/cmake -E cmake_link_script CMakeFiles/cmTC_8d4f0.dir/link.txt --verbose=1
/usr/bin/c++   -DCXX_FLAG_SUPPORTED    CMakeFiles/cmTC_8d4f0.dir/src.cxx.o  -o cmTC_8d4f0 -lm 
make[1]: Leaving directory '/home/a/Documents/ffmpeg-4.2.1/aom/CMakeFiles/CMakeTmp'

Source file was:
int main() { return 0; }
Performing C SOURCE FILE Test C_FLAG_SUPPORTED succeeded with the following output:
Change Dir: /home/a/Documents/ffmpeg-4.2.1/aom/CMakeFiles/CMakeTmp

Run Build Command:"/usr/bin/make" "cmTC_65f69/fast"
/usr/bin/make -f CMakeFiles/cmTC_65f69.dir/build.make CMakeFiles/cmTC_65f69.dir/build
make[1]: Entering directory '/home/a/Documents/ffmpeg-4.2.1/aom/CMakeFiles/CMakeTmp'
Building C object CMakeFiles/cmTC_65f69.dir/src.c.o
/usr/bin/cc   -DC_FLAG_SUPPORTED -fPIE   -Wextra -o CMakeFiles/cmTC_65f69.dir/src.c.o   -c /home/a/Documents/ffmpeg-4.2.1/aom/CMakeFiles/CMakeTmp/src.c
Linking C executable cmTC_65f69
/usr/bin/cmake -E cmake_link_script CMakeFiles/cmTC_65f69.dir/link.txt --verbose=1
/usr/bin/cc  -DC_FLAG_SUPPORTED    CMakeFiles/cmTC_65f69.dir/src.c.o  -o cmTC_65f69 -lm 
make[1]: Leaving directory '/home/a/Documents/ffmpeg-4.2.1/aom/CMakeFiles/CMakeTmp'

Source file was:
int main(void) { return 0; }
Performing C++ SOURCE FILE Test CXX_FLAG_SUPPORTED succeeded with the following output:
Change Dir: /home/a/Documents/ffmpeg-4.2.1/aom/CMakeFiles/CMakeTmp

Run Build Command:"/usr/bin/make" "cmTC_ee35e/fast"
/usr/bin/make -f CMakeFiles/cmTC_ee35e.dir/build.make CMakeFiles/cmTC_ee35e.dir/build
make[1]: Entering directory '/home/a/Documents/ffmpeg-4.2.1/aom/CMakeFiles/CMakeTmp'
Building CXX object CMakeFiles/cmTC_ee35e.dir/src.cxx.o
/usr/bin/c++    -DCXX_FLAG_SUPPORTED -fPIE   -Wextra -o CMakeFiles/cmTC_ee35e.dir/src.cxx.o -c /home/a/Documents/ffmpeg-4.2.1/aom/CMakeFiles/CMakeTmp/src.cxx
Linking CXX executable cmTC_ee35e
/usr/bin/cmake -E cmake_link_script CMakeFiles/cmTC_ee35e.dir/link.txt --verbose=1
/usr/bin/c++   -DCXX_FLAG_SUPPORTED    CMakeFiles/cmTC_ee35e.dir/src.cxx.o  -o cmTC_ee35e -lm 
make[1]: Leaving directory '/home/a/Documents/ffmpeg-4.2.1/aom/CMakeFiles/CMakeTmp'

Source file was:
int main() { return 0; }
Performing C SOURCE FILE Test C_FLAG_SUPPORTED succeeded with the following output:
Change Dir: /home/a/Documents/ffmpeg-4.2.1/aom/CMakeFiles/CMakeTmp

Run Build Command:"/usr/bin/make" "cmTC_a56e6/fast"
/usr/bin/make -f CMakeFiles/cmTC_a56e6.dir/build.make CMakeFiles/cmTC_a56e6.dir/build
make[1]: Entering directory '/home/a/Documents/ffmpeg-4.2.1/aom/CMakeFiles/CMakeTmp'
Building C object CMakeFiles/cmTC_a56e6.dir/src.c.o
/usr/bin/cc   -DC_FLAG_SUPPORTED -fPIE   -Wfloat-conversion -o CMakeFiles/cmTC_a56e6.dir/src.c.o   -c /home/a/Documents/ffmpeg-4.2.1/aom/CMakeFiles/CMakeTmp/src.c
Linking C executable cmTC_a56e6
/usr/bin/cmake -E cmake_link_script CMakeFiles/cmTC_a56e6.dir/link.txt --verbose=1
/usr/bin/cc  -DC_FLAG_SUPPORTED    CMakeFiles/cmTC_a56e6.dir/src.c.o  -o cmTC_a56e6 -lm 
make[1]: Leaving directory '/home/a/Documents/ffmpeg-4.2.1/aom/CMakeFiles/CMakeTmp'

Source file was:
int main(void) { return 0; }
Performing C++ SOURCE FILE Test CXX_FLAG_SUPPORTED succeeded with the following output:
Change Dir: /home/a/Documents/ffmpeg-4.2.1/aom/CMakeFiles/CMakeTmp

Run Build Command:"/usr/bin/make" "cmTC_c5857/fast"
/usr/bin/make -f CMakeFiles/cmTC_c5857.dir/build.make CMakeFiles/cmTC_c5857.dir/build
make[1]: Entering directory '/home/a/Documents/ffmpeg-4.2.1/aom/CMakeFiles/CMakeTmp'
Building CXX object CMakeFiles/cmTC_c5857.dir/src.cxx.o
/usr/bin/c++    -DCXX_FLAG_SUPPORTED -fPIE   -Wfloat-conversion -o CMakeFiles/cmTC_c5857.dir/src.cxx.o -c /home/a/Documents/ffmpeg-4.2.1/aom/CMakeFiles/CMakeTmp/src.cxx
Linking CXX executable cmTC_c5857
/usr/bin/cmake -E cmake_link_script CMakeFiles/cmTC_c5857.dir/link.txt --verbose=1
/usr/bin/c++   -DCXX_FLAG_SUPPORTED    CMakeFiles/cmTC_c5857.dir/src.cxx.o  -o cmTC_c5857 -lm 
make[1]: Leaving directory '/home/a/Documents/ffmpeg-4.2.1/aom/CMakeFiles/CMakeTmp'

Source file was:
int main() { return 0; }
Performing C SOURCE FILE Test C_FLAG_SUPPORTED succeeded with the following output:
Change Dir: /home/a/Documents/ffmpeg-4.2.1/aom/CMakeFiles/CMakeTmp

Run Build Command:"/usr/bin/make" "cmTC_2c791/fast"
/usr/bin/make -f CMakeFiles/cmTC_2c791.dir/build.make CMakeFiles/cmTC_2c791.dir/build
make[1]: Entering directory '/home/a/Documents/ffmpeg-4.2.1/aom/CMakeFiles/CMakeTmp'
Building C object CMakeFiles/cmTC_2c791.dir/src.c.o
/usr/bin/cc   -DC_FLAG_SUPPORTED -fPIE   -Wimplicit-function-declaration -o CMakeFiles/cmTC_2c791.dir/src.c.o   -c /home/a/Documents/ffmpeg-4.2.1/aom/CMakeFiles/CMakeTmp/src.c
Linking C executable cmTC_2c791
/usr/bin/cmake -E cmake_link_script CMakeFiles/cmTC_2c791.dir/link.txt --verbose=1
/usr/bin/cc  -DC_FLAG_SUPPORTED    CMakeFiles/cmTC_2c791.dir/src.c.o  -o cmTC_2c791 -lm 
make[1]: Leaving directory '/home/a/Documents/ffmpeg-4.2.1/aom/CMakeFiles/CMakeTmp'

Source file was:
int main(void) { return 0; }
Performing C SOURCE FILE Test C_FLAG_SUPPORTED succeeded with the following output:
Change Dir: /home/a/Documents/ffmpeg-4.2.1/aom/CMakeFiles/CMakeTmp

Run Build Command:"/usr/bin/make" "cmTC_eecbb/fast"
/usr/bin/make -f CMakeFiles/cmTC_eecbb.dir/build.make CMakeFiles/cmTC_eecbb.dir/build
make[1]: Entering directory '/home/a/Documents/ffmpeg-4.2.1/aom/CMakeFiles/CMakeTmp'
Building C object CMakeFiles/cmTC_eecbb.dir/src.c.o
/usr/bin/cc   -DC_FLAG_SUPPORTED -fPIE   -Wlogical-op -o CMakeFiles/cmTC_eecbb.dir/src.c.o   -c /home/a/Documents/ffmpeg-4.2.1/aom/CMakeFiles/CMakeTmp/src.c
Linking C executable cmTC_eecbb
/usr/bin/cmake -E cmake_link_script CMakeFiles/cmTC_eecbb.dir/link.txt --verbose=1
/usr/bin/cc  -DC_FLAG_SUPPORTED    CMakeFiles/cmTC_eecbb.dir/src.c.o  -o cmTC_eecbb -lm 
make[1]: Leaving directory '/home/a/Documents/ffmpeg-4.2.1/aom/CMakeFiles/CMakeTmp'

Source file was:
int main(void) { return 0; }
Performing C++ SOURCE FILE Test CXX_FLAG_SUPPORTED succeeded with the following output:
Change Dir: /home/a/Documents/ffmpeg-4.2.1/aom/CMakeFiles/CMakeTmp

Run Build Command:"/usr/bin/make" "cmTC_f12df/fast"
/usr/bin/make -f CMakeFiles/cmTC_f12df.dir/build.make CMakeFiles/cmTC_f12df.dir/build
make[1]: Entering directory '/home/a/Documents/ffmpeg-4.2.1/aom/CMakeFiles/CMakeTmp'
Building CXX object CMakeFiles/cmTC_f12df.dir/src.cxx.o
/usr/bin/c++    -DCXX_FLAG_SUPPORTED -fPIE   -Wlogical-op -o CMakeFiles/cmTC_f12df.dir/src.cxx.o -c /home/a/Documents/ffmpeg-4.2.1/aom/CMakeFiles/CMakeTmp/src.cxx
Linking CXX executable cmTC_f12df
/usr/bin/cmake -E cmake_link_script CMakeFiles/cmTC_f12df.dir/link.txt --verbose=1
/usr/bin/c++   -DCXX_FLAG_SUPPORTED    CMakeFiles/cmTC_f12df.dir/src.cxx.o  -o cmTC_f12df -lm 
make[1]: Leaving directory '/home/a/Documents/ffmpeg-4.2.1/aom/CMakeFiles/CMakeTmp'

Source file was:
int main() { return 0; }
Performing C SOURCE FILE Test C_FLAG_SUPPORTED succeeded with the following output:
Change Dir: /home/a/Documents/ffmpeg-4.2.1/aom/CMakeFiles/CMakeTmp

Run Build Command:"/usr/bin/make" "cmTC_ee480/fast"
/usr/bin/make -f CMakeFiles/cmTC_ee480.dir/build.make CMakeFiles/cmTC_ee480.dir/build
make[1]: Entering directory '/home/a/Documents/ffmpeg-4.2.1/aom/CMakeFiles/CMakeTmp'
Building C object CMakeFiles/cmTC_ee480.dir/src.c.o
/usr/bin/cc   -DC_FLAG_SUPPORTED -fPIE   -Wpointer-arith -o CMakeFiles/cmTC_ee480.dir/src.c.o   -c /home/a/Documents/ffmpeg-4.2.1/aom/CMakeFiles/CMakeTmp/src.c
Linking C executable cmTC_ee480
/usr/bin/cmake -E cmake_link_script CMakeFiles/cmTC_ee480.dir/link.txt --verbose=1
/usr/bin/cc  -DC_FLAG_SUPPORTED    CMakeFiles/cmTC_ee480.dir/src.c.o  -o cmTC_ee480 -lm 
make[1]: Leaving directory '/home/a/Documents/ffmpeg-4.2.1/aom/CMakeFiles/CMakeTmp'

Source file was:
int main(void) { return 0; }
Performing C++ SOURCE FILE Test CXX_FLAG_SUPPORTED succeeded with the following output:
Change Dir: /home/a/Documents/ffmpeg-4.2.1/aom/CMakeFiles/CMakeTmp

Run Build Command:"/usr/bin/make" "cmTC_15746/fast"
/usr/bin/make -f CMakeFiles/cmTC_15746.dir/build.make CMakeFiles/cmTC_15746.dir/build
make[1]: Entering directory '/home/a/Documents/ffmpeg-4.2.1/aom/CMakeFiles/CMakeTmp'
Building CXX object CMakeFiles/cmTC_15746.dir/src.cxx.o
/usr/bin/c++    -DCXX_FLAG_SUPPORTED -fPIE   -Wpointer-arith -o CMakeFiles/cmTC_15746.dir/src.cxx.o -c /home/a/Documents/ffmpeg-4.2.1/aom/CMakeFiles/CMakeTmp/src.cxx
Linking CXX executable cmTC_15746
/usr/bin/cmake -E cmake_link_script CMakeFiles/cmTC_15746.dir/link.txt --verbose=1
/usr/bin/c++   -DCXX_FLAG_SUPPORTED    CMakeFiles/cmTC_15746.dir/src.cxx.o  -o cmTC_15746 -lm 
make[1]: Leaving directory '/home/a/Documents/ffmpeg-4.2.1/aom/CMakeFiles/CMakeTmp'

Source file was:
int main() { return 0; }
Performing C SOURCE FILE Test C_FLAG_SUPPORTED succeeded with the following output:
Change Dir: /home/a/Documents/ffmpeg-4.2.1/aom/CMakeFiles/CMakeTmp

Run Build Command:"/usr/bin/make" "cmTC_db9f6/fast"
/usr/bin/make -f CMakeFiles/cmTC_db9f6.dir/build.make CMakeFiles/cmTC_db9f6.dir/build
make[1]: Entering directory '/home/a/Documents/ffmpeg-4.2.1/aom/CMakeFiles/CMakeTmp'
Building C object CMakeFiles/cmTC_db9f6.dir/src.c.o
/usr/bin/cc   -DC_FLAG_SUPPORTED -fPIE   -Wsign-compare -o CMakeFiles/cmTC_db9f6.dir/src.c.o   -c /home/a/Documents/ffmpeg-4.2.1/aom/CMakeFiles/CMakeTmp/src.c
Linking C executable cmTC_db9f6
/usr/bin/cmake -E cmake_link_script CMakeFiles/cmTC_db9f6.dir/link.txt --verbose=1
/usr/bin/cc  -DC_FLAG_SUPPORTED    CMakeFiles/cmTC_db9f6.dir/src.c.o  -o cmTC_db9f6 -lm 
make[1]: Leaving directory '/home/a/Documents/ffmpeg-4.2.1/aom/CMakeFiles/CMakeTmp'

Source file was:
int main(void) { return 0; }
Performing C++ SOURCE FILE Test CXX_FLAG_SUPPORTED succeeded with the following output:
Change Dir: /home/a/Documents/ffmpeg-4.2.1/aom/CMakeFiles/CMakeTmp

Run Build Command:"/usr/bin/make" "cmTC_4d0c1/fast"
/usr/bin/make -f CMakeFiles/cmTC_4d0c1.dir/build.make CMakeFiles/cmTC_4d0c1.dir/build
make[1]: Entering directory '/home/a/Documents/ffmpeg-4.2.1/aom/CMakeFiles/CMakeTmp'
Building CXX object CMakeFiles/cmTC_4d0c1.dir/src.cxx.o
/usr/bin/c++    -DCXX_FLAG_SUPPORTED -fPIE   -Wsign-compare -o CMakeFiles/cmTC_4d0c1.dir/src.cxx.o -c /home/a/Documents/ffmpeg-4.2.1/aom/CMakeFiles/CMakeTmp/src.cxx
Linking CXX executable cmTC_4d0c1
/usr/bin/cmake -E cmake_link_script CMakeFiles/cmTC_4d0c1.dir/link.txt --verbose=1
/usr/bin/c++   -DCXX_FLAG_SUPPORTED    CMakeFiles/cmTC_4d0c1.dir/src.cxx.o  -o cmTC_4d0c1 -lm 
make[1]: Leaving directory '/home/a/Documents/ffmpeg-4.2.1/aom/CMakeFiles/CMakeTmp'

Source file was:
int main() { return 0; }
Performing C SOURCE FILE Test C_FLAG_SUPPORTED succeeded with the following output:
Change Dir: /home/a/Documents/ffmpeg-4.2.1/aom/CMakeFiles/CMakeTmp

Run Build Command:"/usr/bin/make" "cmTC_7a422/fast"
/usr/bin/make -f CMakeFiles/cmTC_7a422.dir/build.make CMakeFiles/cmTC_7a422.dir/build
make[1]: Entering directory '/home/a/Documents/ffmpeg-4.2.1/aom/CMakeFiles/CMakeTmp'
Building C object CMakeFiles/cmTC_7a422.dir/src.c.o
/usr/bin/cc   -DC_FLAG_SUPPORTED -fPIE   -Wtype-limits -o CMakeFiles/cmTC_7a422.dir/src.c.o   -c /home/a/Documents/ffmpeg-4.2.1/aom/CMakeFiles/CMakeTmp/src.c
Linking C executable cmTC_7a422
/usr/bin/cmake -E cmake_link_script CMakeFiles/cmTC_7a422.dir/link.txt --verbose=1
/usr/bin/cc  -DC_FLAG_SUPPORTED    CMakeFiles/cmTC_7a422.dir/src.c.o  -o cmTC_7a422 -lm 
make[1]: Leaving directory '/home/a/Documents/ffmpeg-4.2.1/aom/CMakeFiles/CMakeTmp'

Source file was:
int main(void) { return 0; }
Performing C++ SOURCE FILE Test CXX_FLAG_SUPPORTED succeeded with the following output:
Change Dir: /home/a/Documents/ffmpeg-4.2.1/aom/CMakeFiles/CMakeTmp

Run Build Command:"/usr/bin/make" "cmTC_a5686/fast"
/usr/bin/make -f CMakeFiles/cmTC_a5686.dir/build.make CMakeFiles/cmTC_a5686.dir/build
make[1]: Entering directory '/home/a/Documents/ffmpeg-4.2.1/aom/CMakeFiles/CMakeTmp'
Building CXX object CMakeFiles/cmTC_a5686.dir/src.cxx.o
/usr/bin/c++    -DCXX_FLAG_SUPPORTED -fPIE   -Wtype-limits -o CMakeFiles/cmTC_a5686.dir/src.cxx.o -c /home/a/Documents/ffmpeg-4.2.1/aom/CMakeFiles/CMakeTmp/src.cxx
Linking CXX executable cmTC_a5686
/usr/bin/cmake -E cmake_link_script CMakeFiles/cmTC_a5686.dir/link.txt --verbose=1
/usr/bin/c++   -DCXX_FLAG_SUPPORTED    CMakeFiles/cmTC_a5686.dir/src.cxx.o  -o cmTC_a5686 -lm 
make[1]: Leaving directory '/home/a/Documents/ffmpeg-4.2.1/aom/CMakeFiles/CMakeTmp'

Source file was:
int main() { return 0; }
Performing C SOURCE FILE Test C_FLAG_SUPPORTED succeeded with the following output:
Change Dir: /home/a/Documents/ffmpeg-4.2.1/aom/CMakeFiles/CMakeTmp

Run Build Command:"/usr/bin/make" "cmTC_565fd/fast"
/usr/bin/make -f CMakeFiles/cmTC_565fd.dir/build.make CMakeFiles/cmTC_565fd.dir/build
make[1]: Entering directory '/home/a/Documents/ffmpeg-4.2.1/aom/CMakeFiles/CMakeTmp'
Building C object CMakeFiles/cmTC_565fd.dir/src.c.o
/usr/bin/cc   -DC_FLAG_SUPPORTED -fPIE   -Wuninitialized -o CMakeFiles/cmTC_565fd.dir/src.c.o   -c /home/a/Documents/ffmpeg-4.2.1/aom/CMakeFiles/CMakeTmp/src.c
Linking C executable cmTC_565fd
/usr/bin/cmake -E cmake_link_script CMakeFiles/cmTC_565fd.dir/link.txt --verbose=1
/usr/bin/cc  -DC_FLAG_SUPPORTED    CMakeFiles/cmTC_565fd.dir/src.c.o  -o cmTC_565fd -lm 
make[1]: Leaving directory '/home/a/Documents/ffmpeg-4.2.1/aom/CMakeFiles/CMakeTmp'

Source file was:
int main(void) { return 0; }
Performing C++ SOURCE FILE Test CXX_FLAG_SUPPORTED succeeded with the following output:
Change Dir: /home/a/Documents/ffmpeg-4.2.1/aom/CMakeFiles/CMakeTmp

Run Build Command:"/usr/bin/make" "cmTC_bb5bf/fast"
/usr/bin/make -f CMakeFiles/cmTC_bb5bf.dir/build.make CMakeFiles/cmTC_bb5bf.dir/build
make[1]: Entering directory '/home/a/Documents/ffmpeg-4.2.1/aom/CMakeFiles/CMakeTmp'
Building CXX object CMakeFiles/cmTC_bb5bf.dir/src.cxx.o
/usr/bin/c++    -DCXX_FLAG_SUPPORTED -fPIE   -Wuninitialized -o CMakeFiles/cmTC_bb5bf.dir/src.cxx.o -c /home/a/Documents/ffmpeg-4.2.1/aom/CMakeFiles/CMakeTmp/src.cxx
Linking CXX executable cmTC_bb5bf
/usr/bin/cmake -E cmake_link_script CMakeFiles/cmTC_bb5bf.dir/link.txt --verbose=1
/usr/bin/c++   -DCXX_FLAG_SUPPORTED    CMakeFiles/cmTC_bb5bf.dir/src.cxx.o  -o cmTC_bb5bf -lm 
make[1]: Leaving directory '/home/a/Documents/ffmpeg-4.2.1/aom/CMakeFiles/CMakeTmp'

Source file was:
int main() { return 0; }
Performing C SOURCE FILE Test C_FLAG_SUPPORTED succeeded with the following output:
Change Dir: /home/a/Documents/ffmpeg-4.2.1/aom/CMakeFiles/CMakeTmp

Run Build Command:"/usr/bin/make" "cmTC_137d0/fast"
/usr/bin/make -f CMakeFiles/cmTC_137d0.dir/build.make CMakeFiles/cmTC_137d0.dir/build
make[1]: Entering directory '/home/a/Documents/ffmpeg-4.2.1/aom/CMakeFiles/CMakeTmp'
Building C object CMakeFiles/cmTC_137d0.dir/src.c.o
/usr/bin/cc   -DC_FLAG_SUPPORTED -fPIE   -Wunused -o CMakeFiles/cmTC_137d0.dir/src.c.o   -c /home/a/Documents/ffmpeg-4.2.1/aom/CMakeFiles/CMakeTmp/src.c
Linking C executable cmTC_137d0
/usr/bin/cmake -E cmake_link_script CMakeFiles/cmTC_137d0.dir/link.txt --verbose=1
/usr/bin/cc  -DC_FLAG_SUPPORTED    CMakeFiles/cmTC_137d0.dir/src.c.o  -o cmTC_137d0 -lm 
make[1]: Leaving directory '/home/a/Documents/ffmpeg-4.2.1/aom/CMakeFiles/CMakeTmp'

Source file was:
int main(void) { return 0; }
Performing C++ SOURCE FILE Test CXX_FLAG_SUPPORTED succeeded with the following output:
Change Dir: /home/a/Documents/ffmpeg-4.2.1/aom/CMakeFiles/CMakeTmp

Run Build Command:"/usr/bin/make" "cmTC_4fc1b/fast"
/usr/bin/make -f CMakeFiles/cmTC_4fc1b.dir/build.make CMakeFiles/cmTC_4fc1b.dir/build
make[1]: Entering directory '/home/a/Documents/ffmpeg-4.2.1/aom/CMakeFiles/CMakeTmp'
Building CXX object CMakeFiles/cmTC_4fc1b.dir/src.cxx.o
/usr/bin/c++    -DCXX_FLAG_SUPPORTED -fPIE   -Wunused -o CMakeFiles/cmTC_4fc1b.dir/src.cxx.o -c /home/a/Documents/ffmpeg-4.2.1/aom/CMakeFiles/CMakeTmp/src.cxx
Linking CXX executable cmTC_4fc1b
/usr/bin/cmake -E cmake_link_script CMakeFiles/cmTC_4fc1b.dir/link.txt --verbose=1
/usr/bin/c++   -DCXX_FLAG_SUPPORTED    CMakeFiles/cmTC_4fc1b.dir/src.cxx.o  -o cmTC_4fc1b -lm 
make[1]: Leaving directory '/home/a/Documents/ffmpeg-4.2.1/aom/CMakeFiles/CMakeTmp'

Source file was:
int main() { return 0; }
Performing C SOURCE FILE Test C_FLAG_SUPPORTED succeeded with the following output:
Change Dir: /home/a/Documents/ffmpeg-4.2.1/aom/CMakeFiles/CMakeTmp

Run Build Command:"/usr/bin/make" "cmTC_fdc51/fast"
/usr/bin/make -f CMakeFiles/cmTC_fdc51.dir/build.make CMakeFiles/cmTC_fdc51.dir/build
make[1]: Entering directory '/home/a/Documents/ffmpeg-4.2.1/aom/CMakeFiles/CMakeTmp'
Building C object CMakeFiles/cmTC_fdc51.dir/src.c.o
/usr/bin/cc   -DC_FLAG_SUPPORTED -fPIE   -Wvla -o CMakeFiles/cmTC_fdc51.dir/src.c.o   -c /home/a/Documents/ffmpeg-4.2.1/aom/CMakeFiles/CMakeTmp/src.c
Linking C executable cmTC_fdc51
/usr/bin/cmake -E cmake_link_script CMakeFiles/cmTC_fdc51.dir/link.txt --verbose=1
/usr/bin/cc  -DC_FLAG_SUPPORTED    CMakeFiles/cmTC_fdc51.dir/src.c.o  -o cmTC_fdc51 -lm 
make[1]: Leaving directory '/home/a/Documents/ffmpeg-4.2.1/aom/CMakeFiles/CMakeTmp'

Source file was:
int main(void) { return 0; }
Performing C++ SOURCE FILE Test CXX_FLAG_SUPPORTED succeeded with the following output:
Change Dir: /home/a/Documents/ffmpeg-4.2.1/aom/CMakeFiles/CMakeTmp

Run Build Command:"/usr/bin/make" "cmTC_17f70/fast"
/usr/bin/make -f CMakeFiles/cmTC_17f70.dir/build.make CMakeFiles/cmTC_17f70.dir/build
make[1]: Entering directory '/home/a/Documents/ffmpeg-4.2.1/aom/CMakeFiles/CMakeTmp'
Building CXX object CMakeFiles/cmTC_17f70.dir/src.cxx.o
/usr/bin/c++    -DCXX_FLAG_SUPPORTED -fPIE   -Wvla -o CMakeFiles/cmTC_17f70.dir/src.cxx.o -c /home/a/Documents/ffmpeg-4.2.1/aom/CMakeFiles/CMakeTmp/src.cxx
Linking CXX executable cmTC_17f70
/usr/bin/cmake -E cmake_link_script CMakeFiles/cmTC_17f70.dir/link.txt --verbose=1
/usr/bin/c++   -DCXX_FLAG_SUPPORTED    CMakeFiles/cmTC_17f70.dir/src.cxx.o  -o cmTC_17f70 -lm 
make[1]: Leaving directory '/home/a/Documents/ffmpeg-4.2.1/aom/CMakeFiles/CMakeTmp'

Source file was:
int main() { return 0; }
Performing C SOURCE FILE Test C_FLAG_SUPPORTED succeeded with the following output:
Change Dir: /home/a/Documents/ffmpeg-4.2.1/aom/CMakeFiles/CMakeTmp

Run Build Command:"/usr/bin/make" "cmTC_66408/fast"
/usr/bin/make -f CMakeFiles/cmTC_66408.dir/build.make CMakeFiles/cmTC_66408.dir/build
make[1]: Entering directory '/home/a/Documents/ffmpeg-4.2.1/aom/CMakeFiles/CMakeTmp'
Building C object CMakeFiles/cmTC_66408.dir/src.c.o
/usr/bin/cc   -DC_FLAG_SUPPORTED -fPIE   -Wstack-usage=100000 -o CMakeFiles/cmTC_66408.dir/src.c.o   -c /home/a/Documents/ffmpeg-4.2.1/aom/CMakeFiles/CMakeTmp/src.c
Linking C executable cmTC_66408
/usr/bin/cmake -E cmake_link_script CMakeFiles/cmTC_66408.dir/link.txt --verbose=1
/usr/bin/cc  -DC_FLAG_SUPPORTED    CMakeFiles/cmTC_66408.dir/src.c.o  -o cmTC_66408 -lm 
make[1]: Leaving directory '/home/a/Documents/ffmpeg-4.2.1/aom/CMakeFiles/CMakeTmp'

Source file was:
int main(void) { return 0; }
Performing C++ SOURCE FILE Test CXX_FLAG_SUPPORTED succeeded with the following output:
Change Dir: /home/a/Documents/ffmpeg-4.2.1/aom/CMakeFiles/CMakeTmp

Run Build Command:"/usr/bin/make" "cmTC_23377/fast"
/usr/bin/make -f CMakeFiles/cmTC_23377.dir/build.make CMakeFiles/cmTC_23377.dir/build
make[1]: Entering directory '/home/a/Documents/ffmpeg-4.2.1/aom/CMakeFiles/CMakeTmp'
Building CXX object CMakeFiles/cmTC_23377.dir/src.cxx.o
/usr/bin/c++    -DCXX_FLAG_SUPPORTED -fPIE   -Wstack-usage=240000 -o CMakeFiles/cmTC_23377.dir/src.cxx.o -c /home/a/Documents/ffmpeg-4.2.1/aom/CMakeFiles/CMakeTmp/src.cxx
Linking CXX executable cmTC_23377
/usr/bin/cmake -E cmake_link_script CMakeFiles/cmTC_23377.dir/link.txt --verbose=1
/usr/bin/c++   -DCXX_FLAG_SUPPORTED    CMakeFiles/cmTC_23377.dir/src.cxx.o  -o cmTC_23377 -lm 
make[1]: Leaving directory '/home/a/Documents/ffmpeg-4.2.1/aom/CMakeFiles/CMakeTmp'

Source file was:
int main() { return 0; }
Performing C SOURCE FILE Test C_FLAG_SUPPORTED succeeded with the following output:
Change Dir: /home/a/Documents/ffmpeg-4.2.1/aom/CMakeFiles/CMakeTmp

Run Build Command:"/usr/bin/make" "cmTC_5bade/fast"
/usr/bin/make -f CMakeFiles/cmTC_5bade.dir/build.make CMakeFiles/cmTC_5bade.dir/build
make[1]: Entering directory '/home/a/Documents/ffmpeg-4.2.1/aom/CMakeFiles/CMakeTmp'
Building C object CMakeFiles/cmTC_5bade.dir/src.c.o
/usr/bin/cc   -DC_FLAG_SUPPORTED -fPIE   -Wshadow -o CMakeFiles/cmTC_5bade.dir/src.c.o   -c /home/a/Documents/ffmpeg-4.2.1/aom/CMakeFiles/CMakeTmp/src.c
Linking C executable cmTC_5bade
/usr/bin/cmake -E cmake_link_script CMakeFiles/cmTC_5bade.dir/link.txt --verbose=1
/usr/bin/cc  -DC_FLAG_SUPPORTED    CMakeFiles/cmTC_5bade.dir/src.c.o  -o cmTC_5bade -lm 
make[1]: Leaving directory '/home/a/Documents/ffmpeg-4.2.1/aom/CMakeFiles/CMakeTmp'

Source file was:
int main(void) { return 0; }
Performing C SOURCE FILE Test C_FLAG_SUPPORTED succeeded with the following output:
Change Dir: /home/a/Documents/ffmpeg-4.2.1/aom/CMakeFiles/CMakeTmp

Run Build Command:"/usr/bin/make" "cmTC_6a090/fast"
/usr/bin/make -f CMakeFiles/cmTC_6a090.dir/build.make CMakeFiles/cmTC_6a090.dir/build
make[1]: Entering directory '/home/a/Documents/ffmpeg-4.2.1/aom/CMakeFiles/CMakeTmp'
Building C object CMakeFiles/cmTC_6a090.dir/src.c.o
/usr/bin/cc   -DC_FLAG_SUPPORTED -fPIE   -Wundef -o CMakeFiles/cmTC_6a090.dir/src.c.o   -c /home/a/Documents/ffmpeg-4.2.1/aom/CMakeFiles/CMakeTmp/src.c
Linking C executable cmTC_6a090
/usr/bin/cmake -E cmake_link_script CMakeFiles/cmTC_6a090.dir/link.txt --verbose=1
/usr/bin/cc  -DC_FLAG_SUPPORTED    CMakeFiles/cmTC_6a090.dir/src.c.o  -o cmTC_6a090 -lm 
make[1]: Leaving directory '/home/a/Documents/ffmpeg-4.2.1/aom/CMakeFiles/CMakeTmp'

Source file was:
int main(void) { return 0; }
Performing C SOURCE FILE Test C_FLAG_SUPPORTED succeeded with the following output:
Change Dir: /home/a/Documents/ffmpeg-4.2.1/aom/CMakeFiles/CMakeTmp

Run Build Command:"/usr/bin/make" "cmTC_1cfb8/fast"
/usr/bin/make -f CMakeFiles/cmTC_1cfb8.dir/build.make CMakeFiles/cmTC_1cfb8.dir/build
make[1]: Entering directory '/home/a/Documents/ffmpeg-4.2.1/aom/CMakeFiles/CMakeTmp'
Building C object CMakeFiles/cmTC_1cfb8.dir/src.c.o
/usr/bin/cc -D_FORTIFY_SOURCE=0  -DC_FLAG_SUPPORTED -fPIE   -U_FORTIFY_SOURCE -o CMakeFiles/cmTC_1cfb8.dir/src.c.o   -c /home/a/Documents/ffmpeg-4.2.1/aom/CMakeFiles/CMakeTmp/src.c
Linking C executable cmTC_1cfb8
/usr/bin/cmake -E cmake_link_script CMakeFiles/cmTC_1cfb8.dir/link.txt --verbose=1
/usr/bin/cc  -DC_FLAG_SUPPORTED    CMakeFiles/cmTC_1cfb8.dir/src.c.o  -o cmTC_1cfb8 -lm 
make[1]: Leaving directory '/home/a/Documents/ffmpeg-4.2.1/aom/CMakeFiles/CMakeTmp'

Source file was:
int main(void) { return 0; }
Performing C++ SOURCE FILE Test CXX_FLAG_SUPPORTED succeeded with the following output:
Change Dir: /home/a/Documents/ffmpeg-4.2.1/aom/CMakeFiles/CMakeTmp

Run Build Command:"/usr/bin/make" "cmTC_1d165/fast"
/usr/bin/make -f CMakeFiles/cmTC_1d165.dir/build.make CMakeFiles/cmTC_1d165.dir/build
make[1]: Entering directory '/home/a/Documents/ffmpeg-4.2.1/aom/CMakeFiles/CMakeTmp'
Building CXX object CMakeFiles/cmTC_1d165.dir/src.cxx.o
/usr/bin/c++  -D_FORTIFY_SOURCE=0  -DCXX_FLAG_SUPPORTED -fPIE   -U_FORTIFY_SOURCE -o CMakeFiles/cmTC_1d165.dir/src.cxx.o -c /home/a/Documents/ffmpeg-4.2.1/aom/CMakeFiles/CMakeTmp/src.cxx
Linking CXX executable cmTC_1d165
/usr/bin/cmake -E cmake_link_script CMakeFiles/cmTC_1d165.dir/link.txt --verbose=1
/usr/bin/c++   -DCXX_FLAG_SUPPORTED    CMakeFiles/cmTC_1d165.dir/src.cxx.o  -o cmTC_1d165 -lm 
make[1]: Leaving directory '/home/a/Documents/ffmpeg-4.2.1/aom/CMakeFiles/CMakeTmp'

Source file was:
int main() { return 0; }
Performing C SOURCE FILE Test C_FLAG_SUPPORTED succeeded with the following output:
Change Dir: /home/a/Documents/ffmpeg-4.2.1/aom/CMakeFiles/CMakeTmp

Run Build Command:"/usr/bin/make" "cmTC_9710d/fast"
/usr/bin/make -f CMakeFiles/cmTC_9710d.dir/build.make CMakeFiles/cmTC_9710d.dir/build
make[1]: Entering directory '/home/a/Documents/ffmpeg-4.2.1/aom/CMakeFiles/CMakeTmp'
Building C object CMakeFiles/cmTC_9710d.dir/src.c.o
/usr/bin/cc -D_LARGEFILE_SOURCE  -DC_FLAG_SUPPORTED -fPIE   -o CMakeFiles/cmTC_9710d.dir/src.c.o   -c /home/a/Documents/ffmpeg-4.2.1/aom/CMakeFiles/CMakeTmp/src.c
Linking C executable cmTC_9710d
/usr/bin/cmake -E cmake_link_script CMakeFiles/cmTC_9710d.dir/link.txt --verbose=1
/usr/bin/cc  -DC_FLAG_SUPPORTED    CMakeFiles/cmTC_9710d.dir/src.c.o  -o cmTC_9710d -lm 
make[1]: Leaving directory '/home/a/Documents/ffmpeg-4.2.1/aom/CMakeFiles/CMakeTmp'

Source file was:
int main(void) { return 0; }
Performing C++ SOURCE FILE Test CXX_FLAG_SUPPORTED succeeded with the following output:
Change Dir: /home/a/Documents/ffmpeg-4.2.1/aom/CMakeFiles/CMakeTmp

Run Build Command:"/usr/bin/make" "cmTC_8ccb5/fast"
/usr/bin/make -f CMakeFiles/cmTC_8ccb5.dir/build.make CMakeFiles/cmTC_8ccb5.dir/build
make[1]: Entering directory '/home/a/Documents/ffmpeg-4.2.1/aom/CMakeFiles/CMakeTmp'
Building CXX object CMakeFiles/cmTC_8ccb5.dir/src.cxx.o
/usr/bin/c++  -D_LARGEFILE_SOURCE  -DCXX_FLAG_SUPPORTED -fPIE   -o CMakeFiles/cmTC_8ccb5.dir/src.cxx.o -c /home/a/Documents/ffmpeg-4.2.1/aom/CMakeFiles/CMakeTmp/src.cxx
Linking CXX executable cmTC_8ccb5
/usr/bin/cmake -E cmake_link_script CMakeFiles/cmTC_8ccb5.dir/link.txt --verbose=1
/usr/bin/c++   -DCXX_FLAG_SUPPORTED    CMakeFiles/cmTC_8ccb5.dir/src.cxx.o  -o cmTC_8ccb5 -lm 
make[1]: Leaving directory '/home/a/Documents/ffmpeg-4.2.1/aom/CMakeFiles/CMakeTmp'

Source file was:
int main() { return 0; }
Performing C SOURCE FILE Test C_FLAG_SUPPORTED succeeded with the following output:
Change Dir: /home/a/Documents/ffmpeg-4.2.1/aom/CMakeFiles/CMakeTmp

Run Build Command:"/usr/bin/make" "cmTC_e3eea/fast"
/usr/bin/make -f CMakeFiles/cmTC_e3eea.dir/build.make CMakeFiles/cmTC_e3eea.dir/build
make[1]: Entering directory '/home/a/Documents/ffmpeg-4.2.1/aom/CMakeFiles/CMakeTmp'
Building C object CMakeFiles/cmTC_e3eea.dir/src.c.o
/usr/bin/cc -D_FILE_OFFSET_BITS=64  -DC_FLAG_SUPPORTED -fPIE   -o CMakeFiles/cmTC_e3eea.dir/src.c.o   -c /home/a/Documents/ffmpeg-4.2.1/aom/CMakeFiles/CMakeTmp/src.c
Linking C executable cmTC_e3eea
/usr/bin/cmake -E cmake_link_script CMakeFiles/cmTC_e3eea.dir/link.txt --verbose=1
/usr/bin/cc  -DC_FLAG_SUPPORTED    CMakeFiles/cmTC_e3eea.dir/src.c.o  -o cmTC_e3eea -lm 
make[1]: Leaving directory '/home/a/Documents/ffmpeg-4.2.1/aom/CMakeFiles/CMakeTmp'

Source file was:
int main(void) { return 0; }
Performing C++ SOURCE FILE Test CXX_FLAG_SUPPORTED succeeded with the following output:
Change Dir: /home/a/Documents/ffmpeg-4.2.1/aom/CMakeFiles/CMakeTmp

Run Build Command:"/usr/bin/make" "cmTC_54b6c/fast"
/usr/bin/make -f CMakeFiles/cmTC_54b6c.dir/build.make CMakeFiles/cmTC_54b6c.dir/build
make[1]: Entering directory '/home/a/Documents/ffmpeg-4.2.1/aom/CMakeFiles/CMakeTmp'
Building CXX object CMakeFiles/cmTC_54b6c.dir/src.cxx.o
/usr/bin/c++  -D_FILE_OFFSET_BITS=64  -DCXX_FLAG_SUPPORTED -fPIE   -o CMakeFiles/cmTC_54b6c.dir/src.cxx.o -c /home/a/Documents/ffmpeg-4.2.1/aom/CMakeFiles/CMakeTmp/src.cxx
Linking CXX executable cmTC_54b6c
/usr/bin/cmake -E cmake_link_script CMakeFiles/cmTC_54b6c.dir/link.txt --verbose=1
/usr/bin/c++   -DCXX_FLAG_SUPPORTED    CMakeFiles/cmTC_54b6c.dir/src.cxx.o  -o cmTC_54b6c -lm 
make[1]: Leaving directory '/home/a/Documents/ffmpeg-4.2.1/aom/CMakeFiles/CMakeTmp'

Source file was:
int main() { return 0; }
Performing C SOURCE FILE Test FLAG_SUPPORTED succeeded with the following output:
Change Dir: /home/a/Documents/ffmpeg-4.2.1/aom/CMakeFiles/CMakeTmp

Run Build Command:"/usr/bin/make" "cmTC_ae988/fast"
/usr/bin/make -f CMakeFiles/cmTC_ae988.dir/build.make CMakeFiles/cmTC_ae988.dir/build
make[1]: Entering directory '/home/a/Documents/ffmpeg-4.2.1/aom/CMakeFiles/CMakeTmp'
Building C object CMakeFiles/cmTC_ae988.dir/src.c.o
/usr/bin/cc   -DFLAG_SUPPORTED -fPIE   -mno-avx256-split-unaligned-load -o CMakeFiles/cmTC_ae988.dir/src.c.o   -c /home/a/Documents/ffmpeg-4.2.1/aom/CMakeFiles/CMakeTmp/src.c
Linking C executable cmTC_ae988
/usr/bin/cmake -E cmake_link_script CMakeFiles/cmTC_ae988.dir/link.txt --verbose=1
/usr/bin/cc  -DFLAG_SUPPORTED    CMakeFiles/cmTC_ae988.dir/src.c.o  -o cmTC_ae988 -lm 
make[1]: Leaving directory '/home/a/Documents/ffmpeg-4.2.1/aom/CMakeFiles/CMakeTmp'

Source file was:
int main(void) { return 0; }
Performing C SOURCE FILE Test HAVE_C_FLAG succeeded with the following output:
Change Dir: /home/a/Documents/ffmpeg-4.2.1/aom/CMakeFiles/CMakeTmp

Run Build Command:"/usr/bin/make" "cmTC_2e1e3/fast"
/usr/bin/make -f CMakeFiles/cmTC_2e1e3.dir/build.make CMakeFiles/cmTC_2e1e3.dir/build
make[1]: Entering directory '/home/a/Documents/ffmpeg-4.2.1/aom/CMakeFiles/CMakeTmp'
Building C object CMakeFiles/cmTC_2e1e3.dir/src.c.o
/usr/bin/cc   -DHAVE_C_FLAG -fPIE   -msse2 -o CMakeFiles/cmTC_2e1e3.dir/src.c.o   -c /home/a/Documents/ffmpeg-4.2.1/aom/CMakeFiles/CMakeTmp/src.c
Linking C executable cmTC_2e1e3
/usr/bin/cmake -E cmake_link_script CMakeFiles/cmTC_2e1e3.dir/link.txt --verbose=1
/usr/bin/cc  -DHAVE_C_FLAG    CMakeFiles/cmTC_2e1e3.dir/src.c.o  -o cmTC_2e1e3 -lm 
make[1]: Leaving directory '/home/a/Documents/ffmpeg-4.2.1/aom/CMakeFiles/CMakeTmp'

Source file was:
int main(void) { return 0; }
Performing C++ SOURCE FILE Test HAVE_CXX_FLAG succeeded with the following output:
Change Dir: /home/a/Documents/ffmpeg-4.2.1/aom/CMakeFiles/CMakeTmp

Run Build Command:"/usr/bin/make" "cmTC_73d50/fast"
/usr/bin/make -f CMakeFiles/cmTC_73d50.dir/build.make CMakeFiles/cmTC_73d50.dir/build
make[1]: Entering directory '/home/a/Documents/ffmpeg-4.2.1/aom/CMakeFiles/CMakeTmp'
Building CXX object CMakeFiles/cmTC_73d50.dir/src.cxx.o
/usr/bin/c++    -DHAVE_CXX_FLAG -fPIE   -msse2 -o CMakeFiles/cmTC_73d50.dir/src.cxx.o -c /home/a/Documents/ffmpeg-4.2.1/aom/CMakeFiles/CMakeTmp/src.cxx
Linking CXX executable cmTC_73d50
/usr/bin/cmake -E cmake_link_script CMakeFiles/cmTC_73d50.dir/link.txt --verbose=1
/usr/bin/c++   -DHAVE_CXX_FLAG    CMakeFiles/cmTC_73d50.dir/src.cxx.o  -o cmTC_73d50 -lm 
make[1]: Leaving directory '/home/a/Documents/ffmpeg-4.2.1/aom/CMakeFiles/CMakeTmp'

Source file was:
int main() { return 0; }
Performing C SOURCE FILE Test HAVE_C_FLAG succeeded with the following output:
Change Dir: /home/a/Documents/ffmpeg-4.2.1/aom/CMakeFiles/CMakeTmp

Run Build Command:"/usr/bin/make" "cmTC_4f00e/fast"
/usr/bin/make -f CMakeFiles/cmTC_4f00e.dir/build.make CMakeFiles/cmTC_4f00e.dir/build
make[1]: Entering directory '/home/a/Documents/ffmpeg-4.2.1/aom/CMakeFiles/CMakeTmp'
Building C object CMakeFiles/cmTC_4f00e.dir/src.c.o
/usr/bin/cc   -DHAVE_C_FLAG -fPIE   -msse3 -o CMakeFiles/cmTC_4f00e.dir/src.c.o   -c /home/a/Documents/ffmpeg-4.2.1/aom/CMakeFiles/CMakeTmp/src.c
Linking C executable cmTC_4f00e
/usr/bin/cmake -E cmake_link_script CMakeFiles/cmTC_4f00e.dir/link.txt --verbose=1
/usr/bin/cc  -DHAVE_C_FLAG    CMakeFiles/cmTC_4f00e.dir/src.c.o  -o cmTC_4f00e -lm 
make[1]: Leaving directory '/home/a/Documents/ffmpeg-4.2.1/aom/CMakeFiles/CMakeTmp'

Source file was:
int main(void) { return 0; }
Performing C++ SOURCE FILE Test HAVE_CXX_FLAG succeeded with the following output:
Change Dir: /home/a/Documents/ffmpeg-4.2.1/aom/CMakeFiles/CMakeTmp

Run Build Command:"/usr/bin/make" "cmTC_aea9a/fast"
/usr/bin/make -f CMakeFiles/cmTC_aea9a.dir/build.make CMakeFiles/cmTC_aea9a.dir/build
make[1]: Entering directory '/home/a/Documents/ffmpeg-4.2.1/aom/CMakeFiles/CMakeTmp'
Building CXX object CMakeFiles/cmTC_aea9a.dir/src.cxx.o
/usr/bin/c++    -DHAVE_CXX_FLAG -fPIE   -msse3 -o CMakeFiles/cmTC_aea9a.dir/src.cxx.o -c /home/a/Documents/ffmpeg-4.2.1/aom/CMakeFiles/CMakeTmp/src.cxx
Linking CXX executable cmTC_aea9a
/usr/bin/cmake -E cmake_link_script CMakeFiles/cmTC_aea9a.dir/link.txt --verbose=1
/usr/bin/c++   -DHAVE_CXX_FLAG    CMakeFiles/cmTC_aea9a.dir/src.cxx.o  -o cmTC_aea9a -lm 
make[1]: Leaving directory '/home/a/Documents/ffmpeg-4.2.1/aom/CMakeFiles/CMakeTmp'

Source file was:
int main() { return 0; }
Performing C SOURCE FILE Test HAVE_C_FLAG succeeded with the following output:
Change Dir: /home/a/Documents/ffmpeg-4.2.1/aom/CMakeFiles/CMakeTmp

Run Build Command:"/usr/bin/make" "cmTC_00c9f/fast"
/usr/bin/make -f CMakeFiles/cmTC_00c9f.dir/build.make CMakeFiles/cmTC_00c9f.dir/build
make[1]: Entering directory '/home/a/Documents/ffmpeg-4.2.1/aom/CMakeFiles/CMakeTmp'
Building C object CMakeFiles/cmTC_00c9f.dir/src.c.o
/usr/bin/cc   -DHAVE_C_FLAG -fPIE   -mssse3 -o CMakeFiles/cmTC_00c9f.dir/src.c.o   -c /home/a/Documents/ffmpeg-4.2.1/aom/CMakeFiles/CMakeTmp/src.c
Linking C executable cmTC_00c9f
/usr/bin/cmake -E cmake_link_script CMakeFiles/cmTC_00c9f.dir/link.txt --verbose=1
/usr/bin/cc  -DHAVE_C_FLAG    CMakeFiles/cmTC_00c9f.dir/src.c.o  -o cmTC_00c9f -lm 
make[1]: Leaving directory '/home/a/Documents/ffmpeg-4.2.1/aom/CMakeFiles/CMakeTmp'

Source file was:
int main(void) { return 0; }
Performing C++ SOURCE FILE Test HAVE_CXX_FLAG succeeded with the following output:
Change Dir: /home/a/Documents/ffmpeg-4.2.1/aom/CMakeFiles/CMakeTmp

Run Build Command:"/usr/bin/make" "cmTC_33b05/fast"
/usr/bin/make -f CMakeFiles/cmTC_33b05.dir/build.make CMakeFiles/cmTC_33b05.dir/build
make[1]: Entering directory '/home/a/Documents/ffmpeg-4.2.1/aom/CMakeFiles/CMakeTmp'
Building CXX object CMakeFiles/cmTC_33b05.dir/src.cxx.o
/usr/bin/c++    -DHAVE_CXX_FLAG -fPIE   -mssse3 -o CMakeFiles/cmTC_33b05.dir/src.cxx.o -c /home/a/Documents/ffmpeg-4.2.1/aom/CMakeFiles/CMakeTmp/src.cxx
Linking CXX executable cmTC_33b05
/usr/bin/cmake -E cmake_link_script CMakeFiles/cmTC_33b05.dir/link.txt --verbose=1
/usr/bin/c++   -DHAVE_CXX_FLAG    CMakeFiles/cmTC_33b05.dir/src.cxx.o  -o cmTC_33b05 -lm 
make[1]: Leaving directory '/home/a/Documents/ffmpeg-4.2.1/aom/CMakeFiles/CMakeTmp'

Source file was:
int main() { return 0; }
Performing C SOURCE FILE Test HAVE_C_FLAG succeeded with the following output:
Change Dir: /home/a/Documents/ffmpeg-4.2.1/aom/CMakeFiles/CMakeTmp

Run Build Command:"/usr/bin/make" "cmTC_d2b05/fast"
/usr/bin/make -f CMakeFiles/cmTC_d2b05.dir/build.make CMakeFiles/cmTC_d2b05.dir/build
make[1]: Entering directory '/home/a/Documents/ffmpeg-4.2.1/aom/CMakeFiles/CMakeTmp'
Building C object CMakeFiles/cmTC_d2b05.dir/src.c.o
/usr/bin/cc   -DHAVE_C_FLAG -fPIE   -msse4.1 -o CMakeFiles/cmTC_d2b05.dir/src.c.o   -c /home/a/Documents/ffmpeg-4.2.1/aom/CMakeFiles/CMakeTmp/src.c
Linking C executable cmTC_d2b05
/usr/bin/cmake -E cmake_link_script CMakeFiles/cmTC_d2b05.dir/link.txt --verbose=1
/usr/bin/cc  -DHAVE_C_FLAG    CMakeFiles/cmTC_d2b05.dir/src.c.o  -o cmTC_d2b05 -lm 
make[1]: Leaving directory '/home/a/Documents/ffmpeg-4.2.1/aom/CMakeFiles/CMakeTmp'

Source file was:
int main(void) { return 0; }
Performing C++ SOURCE FILE Test HAVE_CXX_FLAG succeeded with the following output:
Change Dir: /home/a/Documents/ffmpeg-4.2.1/aom/CMakeFiles/CMakeTmp

Run Build Command:"/usr/bin/make" "cmTC_b77aa/fast"
/usr/bin/make -f CMakeFiles/cmTC_b77aa.dir/build.make CMakeFiles/cmTC_b77aa.dir/build
make[1]: Entering directory '/home/a/Documents/ffmpeg-4.2.1/aom/CMakeFiles/CMakeTmp'
Building CXX object CMakeFiles/cmTC_b77aa.dir/src.cxx.o
/usr/bin/c++    -DHAVE_CXX_FLAG -fPIE   -msse4.1 -o CMakeFiles/cmTC_b77aa.dir/src.cxx.o -c /home/a/Documents/ffmpeg-4.2.1/aom/CMakeFiles/CMakeTmp/src.cxx
Linking CXX executable cmTC_b77aa
/usr/bin/cmake -E cmake_link_script CMakeFiles/cmTC_b77aa.dir/link.txt --verbose=1
/usr/bin/c++   -DHAVE_CXX_FLAG    CMakeFiles/cmTC_b77aa.dir/src.cxx.o  -o cmTC_b77aa -lm 
make[1]: Leaving directory '/home/a/Documents/ffmpeg-4.2.1/aom/CMakeFiles/CMakeTmp'

Source file was:
int main() { return 0; }
Performing C SOURCE FILE Test HAVE_C_FLAG succeeded with the following output:
Change Dir: /home/a/Documents/ffmpeg-4.2.1/aom/CMakeFiles/CMakeTmp

Run Build Command:"/usr/bin/make" "cmTC_99164/fast"
/usr/bin/make -f CMakeFiles/cmTC_99164.dir/build.make CMakeFiles/cmTC_99164.dir/build
make[1]: Entering directory '/home/a/Documents/ffmpeg-4.2.1/aom/CMakeFiles/CMakeTmp'
Building C object CMakeFiles/cmTC_99164.dir/src.c.o
/usr/bin/cc   -DHAVE_C_FLAG -fPIE   -msse4.2 -o CMakeFiles/cmTC_99164.dir/src.c.o   -c /home/a/Documents/ffmpeg-4.2.1/aom/CMakeFiles/CMakeTmp/src.c
Linking C executable cmTC_99164
/usr/bin/cmake -E cmake_link_script CMakeFiles/cmTC_99164.dir/link.txt --verbose=1
/usr/bin/cc  -DHAVE_C_FLAG    CMakeFiles/cmTC_99164.dir/src.c.o  -o cmTC_99164 -lm 
make[1]: Leaving directory '/home/a/Documents/ffmpeg-4.2.1/aom/CMakeFiles/CMakeTmp'

Source file was:
int main(void) { return 0; }
Performing C++ SOURCE FILE Test HAVE_CXX_FLAG succeeded with the following output:
Change Dir: /home/a/Documents/ffmpeg-4.2.1/aom/CMakeFiles/CMakeTmp

Run Build Command:"/usr/bin/make" "cmTC_79a34/fast"
/usr/bin/make -f CMakeFiles/cmTC_79a34.dir/build.make CMakeFiles/cmTC_79a34.dir/build
make[1]: Entering directory '/home/a/Documents/ffmpeg-4.2.1/aom/CMakeFiles/CMakeTmp'
Building CXX object CMakeFiles/cmTC_79a34.dir/src.cxx.o
/usr/bin/c++    -DHAVE_CXX_FLAG -fPIE   -msse4.2 -o CMakeFiles/cmTC_79a34.dir/src.cxx.o -c /home/a/Documents/ffmpeg-4.2.1/aom/CMakeFiles/CMakeTmp/src.cxx
Linking CXX executable cmTC_79a34
/usr/bin/cmake -E cmake_link_script CMakeFiles/cmTC_79a34.dir/link.txt --verbose=1
/usr/bin/c++   -DHAVE_CXX_FLAG    CMakeFiles/cmTC_79a34.dir/src.cxx.o  -o cmTC_79a34 -lm 
make[1]: Leaving directory '/home/a/Documents/ffmpeg-4.2.1/aom/CMakeFiles/CMakeTmp'

Source file was:
int main() { return 0; }
Performing C SOURCE FILE Test HAVE_C_FLAG succeeded with the following output:
Change Dir: /home/a/Documents/ffmpeg-4.2.1/aom/CMakeFiles/CMakeTmp

Run Build Command:"/usr/bin/make" "cmTC_dd3f3/fast"
/usr/bin/make -f CMakeFiles/cmTC_dd3f3.dir/build.make CMakeFiles/cmTC_dd3f3.dir/build
make[1]: Entering directory '/home/a/Documents/ffmpeg-4.2.1/aom/CMakeFiles/CMakeTmp'
Building C object CMakeFiles/cmTC_dd3f3.dir/src.c.o
/usr/bin/cc   -DHAVE_C_FLAG -fPIE   -mavx2 -o CMakeFiles/cmTC_dd3f3.dir/src.c.o   -c /home/a/Documents/ffmpeg-4.2.1/aom/CMakeFiles/CMakeTmp/src.c
Linking C executable cmTC_dd3f3
/usr/bin/cmake -E cmake_link_script CMakeFiles/cmTC_dd3f3.dir/link.txt --verbose=1
/usr/bin/cc  -DHAVE_C_FLAG    CMakeFiles/cmTC_dd3f3.dir/src.c.o  -o cmTC_dd3f3 -lm 
make[1]: Leaving directory '/home/a/Documents/ffmpeg-4.2.1/aom/CMakeFiles/CMakeTmp'

Source file was:
int main(void) { return 0; }
Performing C++ SOURCE FILE Test HAVE_CXX_FLAG succeeded with the following output:
Change Dir: /home/a/Documents/ffmpeg-4.2.1/aom/CMakeFiles/CMakeTmp

Run Build Command:"/usr/bin/make" "cmTC_65924/fast"
/usr/bin/make -f CMakeFiles/cmTC_65924.dir/build.make CMakeFiles/cmTC_65924.dir/build
make[1]: Entering directory '/home/a/Documents/ffmpeg-4.2.1/aom/CMakeFiles/CMakeTmp'
Building CXX object CMakeFiles/cmTC_65924.dir/src.cxx.o
/usr/bin/c++    -DHAVE_CXX_FLAG -fPIE   -mavx2 -o CMakeFiles/cmTC_65924.dir/src.cxx.o -c /home/a/Documents/ffmpeg-4.2.1/aom/CMakeFiles/CMakeTmp/src.cxx
Linking CXX executable cmTC_65924
/usr/bin/cmake -E cmake_link_script CMakeFiles/cmTC_65924.dir/link.txt --verbose=1
/usr/bin/c++   -DHAVE_CXX_FLAG    CMakeFiles/cmTC_65924.dir/src.cxx.o  -o cmTC_65924 -lm 
make[1]: Leaving directory '/home/a/Documents/ffmpeg-4.2.1/aom/CMakeFiles/CMakeTmp'

Source file was:
int main() { return 0; }
