Determining if the pthread_create exist failed with the following output:
Change Dir: /home/a/Documents/ffmpeg-4.2.1/aom/CMakeFiles/CMakeTmp

Run Build Command:"/usr/bin/make" "cmTC_8ff61/fast"
/usr/bin/make -f CMakeFiles/cmTC_8ff61.dir/build.make CMakeFiles/cmTC_8ff61.dir/build
make[1]: Entering directory '/home/a/Documents/ffmpeg-4.2.1/aom/CMakeFiles/CMakeTmp'
Building C object CMakeFiles/cmTC_8ff61.dir/CheckSymbolExists.c.o
/usr/bin/cc    -o CMakeFiles/cmTC_8ff61.dir/CheckSymbolExists.c.o   -c /home/a/Documents/ffmpeg-4.2.1/aom/CMakeFiles/CMakeTmp/CheckSymbolExists.c
Linking C executable cmTC_8ff61
/usr/bin/cmake -E cmake_link_script CMakeFiles/cmTC_8ff61.dir/link.txt --verbose=1
/usr/bin/cc      CMakeFiles/cmTC_8ff61.dir/CheckSymbolExists.c.o  -o cmTC_8ff61 
/usr/bin/ld: CMakeFiles/cmTC_8ff61.dir/CheckSymbolExists.c.o: in function `main':
CheckSymbolExists.c:(.text+0x1b): undefined reference to `pthread_create'
collect2: error: ld returned 1 exit status
make[1]: *** [CMakeFiles/cmTC_8ff61.dir/build.make:87: cmTC_8ff61] Error 1
make[1]: Leaving directory '/home/a/Documents/ffmpeg-4.2.1/aom/CMakeFiles/CMakeTmp'
make: *** [Makefile:121: cmTC_8ff61/fast] Error 2

File /home/a/Documents/ffmpeg-4.2.1/aom/CMakeFiles/CMakeTmp/CheckSymbolExists.c:
/* */
#include <pthread.h>

int main(int argc, char** argv)
{
  (void)argv;
#ifndef pthread_create
  return ((int*)(&pthread_create))[argc];
#else
  (void)argc;
  return 0;
#endif
}

Determining if the function pthread_create exists in the pthreads failed with the following output:
Change Dir: /home/a/Documents/ffmpeg-4.2.1/aom/CMakeFiles/CMakeTmp

Run Build Command:"/usr/bin/make" "cmTC_78068/fast"
/usr/bin/make -f CMakeFiles/cmTC_78068.dir/build.make CMakeFiles/cmTC_78068.dir/build
make[1]: Entering directory '/home/a/Documents/ffmpeg-4.2.1/aom/CMakeFiles/CMakeTmp'
Building C object CMakeFiles/cmTC_78068.dir/CheckFunctionExists.c.o
/usr/bin/cc   -DCHECK_FUNCTION_EXISTS=pthread_create   -o CMakeFiles/cmTC_78068.dir/CheckFunctionExists.c.o   -c /usr/share/cmake-3.13/Modules/CheckFunctionExists.c
Linking C executable cmTC_78068
/usr/bin/cmake -E cmake_link_script CMakeFiles/cmTC_78068.dir/link.txt --verbose=1
/usr/bin/cc  -DCHECK_FUNCTION_EXISTS=pthread_create    CMakeFiles/cmTC_78068.dir/CheckFunctionExists.c.o  -o cmTC_78068 -lpthreads 
/usr/bin/ld: cannot find -lpthreads
collect2: error: ld returned 1 exit status
make[1]: *** [CMakeFiles/cmTC_78068.dir/build.make:87: cmTC_78068] Error 1
make[1]: Leaving directory '/home/a/Documents/ffmpeg-4.2.1/aom/CMakeFiles/CMakeTmp'
make: *** [Makefile:121: cmTC_78068/fast] Error 2


Performing C SOURCE FILE Test C_FLAG_SUPPORTED failed with the following output:
Change Dir: /home/a/Documents/ffmpeg-4.2.1/aom/CMakeFiles/CMakeTmp

Run Build Command:"/usr/bin/make" "cmTC_3aa9c/fast"
/usr/bin/make -f CMakeFiles/cmTC_3aa9c.dir/build.make CMakeFiles/cmTC_3aa9c.dir/build
make[1]: Entering directory '/home/a/Documents/ffmpeg-4.2.1/aom/CMakeFiles/CMakeTmp'
Building C object CMakeFiles/cmTC_3aa9c.dir/src.c.o
/usr/bin/cc   -DC_FLAG_SUPPORTED -fPIE   -Wshorten-64-to-32 -o CMakeFiles/cmTC_3aa9c.dir/src.c.o   -c /home/a/Documents/ffmpeg-4.2.1/aom/CMakeFiles/CMakeTmp/src.c
cc: error: unrecognized command line option '-Wshorten-64-to-32'
make[1]: *** [CMakeFiles/cmTC_3aa9c.dir/build.make:66: CMakeFiles/cmTC_3aa9c.dir/src.c.o] Error 1
make[1]: Leaving directory '/home/a/Documents/ffmpeg-4.2.1/aom/CMakeFiles/CMakeTmp'
make: *** [Makefile:121: cmTC_3aa9c/fast] Error 2

Source file was:
int main(void) { return 0; }
Performing C++ SOURCE FILE Test CXX_FLAG_SUPPORTED failed with the following output:
Change Dir: /home/a/Documents/ffmpeg-4.2.1/aom/CMakeFiles/CMakeTmp

Run Build Command:"/usr/bin/make" "cmTC_6f052/fast"
/usr/bin/make -f CMakeFiles/cmTC_6f052.dir/build.make CMakeFiles/cmTC_6f052.dir/build
make[1]: Entering directory '/home/a/Documents/ffmpeg-4.2.1/aom/CMakeFiles/CMakeTmp'
Building CXX object CMakeFiles/cmTC_6f052.dir/src.cxx.o
/usr/bin/c++    -DCXX_FLAG_SUPPORTED -fPIE   -Wshorten-64-to-32 -o CMakeFiles/cmTC_6f052.dir/src.cxx.o -c /home/a/Documents/ffmpeg-4.2.1/aom/CMakeFiles/CMakeTmp/src.cxx
c++: error: unrecognized command line option '-Wshorten-64-to-32'
make[1]: *** [CMakeFiles/cmTC_6f052.dir/build.make:66: CMakeFiles/cmTC_6f052.dir/src.cxx.o] Error 1
make[1]: Leaving directory '/home/a/Documents/ffmpeg-4.2.1/aom/CMakeFiles/CMakeTmp'
make: *** [Makefile:121: cmTC_6f052/fast] Error 2

Source file was:
int main() { return 0; }
Performing C SOURCE FILE Test C_FLAG_SUPPORTED failed with the following output:
Change Dir: /home/a/Documents/ffmpeg-4.2.1/aom/CMakeFiles/CMakeTmp

Run Build Command:"/usr/bin/make" "cmTC_09e09/fast"
/usr/bin/make -f CMakeFiles/cmTC_09e09.dir/build.make CMakeFiles/cmTC_09e09.dir/build
make[1]: Entering directory '/home/a/Documents/ffmpeg-4.2.1/aom/CMakeFiles/CMakeTmp'
Building C object CMakeFiles/cmTC_09e09.dir/src.c.o
/usr/bin/cc   -DC_FLAG_SUPPORTED -fPIE   -Wstring-conversion -o CMakeFiles/cmTC_09e09.dir/src.c.o   -c /home/a/Documents/ffmpeg-4.2.1/aom/CMakeFiles/CMakeTmp/src.c
cc: error: unrecognized command line option '-Wstring-conversion'; did you mean '-Wint-conversion'?
make[1]: *** [CMakeFiles/cmTC_09e09.dir/build.make:66: CMakeFiles/cmTC_09e09.dir/src.c.o] Error 1
make[1]: Leaving directory '/home/a/Documents/ffmpeg-4.2.1/aom/CMakeFiles/CMakeTmp'
make: *** [Makefile:121: cmTC_09e09/fast] Error 2

Source file was:
int main(void) { return 0; }
Performing C++ SOURCE FILE Test CXX_FLAG_SUPPORTED failed with the following output:
Change Dir: /home/a/Documents/ffmpeg-4.2.1/aom/CMakeFiles/CMakeTmp

Run Build Command:"/usr/bin/make" "cmTC_99843/fast"
/usr/bin/make -f CMakeFiles/cmTC_99843.dir/build.make CMakeFiles/cmTC_99843.dir/build
make[1]: Entering directory '/home/a/Documents/ffmpeg-4.2.1/aom/CMakeFiles/CMakeTmp'
Building CXX object CMakeFiles/cmTC_99843.dir/src.cxx.o
/usr/bin/c++    -DCXX_FLAG_SUPPORTED -fPIE   -Wstring-conversion -o CMakeFiles/cmTC_99843.dir/src.cxx.o -c /home/a/Documents/ffmpeg-4.2.1/aom/CMakeFiles/CMakeTmp/src.cxx
c++: error: unrecognized command line option '-Wstring-conversion'; did you mean '-Wint-conversion'?
make[1]: *** [CMakeFiles/cmTC_99843.dir/build.make:66: CMakeFiles/cmTC_99843.dir/src.cxx.o] Error 1
make[1]: Leaving directory '/home/a/Documents/ffmpeg-4.2.1/aom/CMakeFiles/CMakeTmp'
make: *** [Makefile:121: cmTC_99843/fast] Error 2

Source file was:
int main() { return 0; }
